<?xml version="1.0" encoding="UTF-8"?>
<robot generator="Robot 5.0.1 (Python 3.8.10 on win32)" generated="20220912 19:29:39.610" rpa="false" schemaversion="3">
<suite id="s1" name="MyStudies TC 003" source="D:\pharma\Tests\MyStudies\MyStudies_TC_003.robot">
<test id="s1-t1" name="Verify that all plus icon button is clickable" line="8">
<kw name="open my browser" library="LoginPage">
<kw name="Open Browser" library="SeleniumLibrary">
<arg>${SiteUrl}</arg>
<arg>${Browser}</arg>
<doc>Opens a new browser instance to the optional ``url``.</doc>
<msg timestamp="20220912 19:29:39.954" level="INFO">Opening browser 'chrome' to base url 'https://sandbox.jnjesm.com/'.</msg>
<status status="PASS" starttime="20220912 19:29:39.954" endtime="20220912 19:29:58.347"/>
</kw>
<kw name="Maximize Browser Window" library="SeleniumLibrary">
<doc>Maximizes current browser window.</doc>
<status status="PASS" starttime="20220912 19:29:58.347" endtime="20220912 19:30:02.814"/>
</kw>
<status status="PASS" starttime="20220912 19:29:39.954" endtime="20220912 19:30:02.814"/>
</kw>
<kw name="click signIn" library="LoginPage">
<kw name="Set Selenium Implicit Wait" library="SeleniumLibrary">
<arg>300</arg>
<doc>Sets the implicit wait value used by Selenium.</doc>
<status status="PASS" starttime="20220912 19:30:02.814" endtime="20220912 19:30:02.814"/>
</kw>
<kw name="Click Element" library="SeleniumLibrary">
<arg>${Authentication_Method}</arg>
<doc>Click the element identified by ``locator``.</doc>
<msg timestamp="20220912 19:30:02.814" level="INFO">Clicking element '//select[@name='scheme']'.</msg>
<status status="PASS" starttime="20220912 19:30:02.814" endtime="20220912 19:30:03.131"/>
</kw>
<kw name="Click Element" library="SeleniumLibrary">
<arg>${Select_Authentication_Method}</arg>
<doc>Click the element identified by ``locator``.</doc>
<msg timestamp="20220912 19:30:03.132" level="INFO">Clicking element '//option[contains(text(),'Non-J&amp;J')]'.</msg>
<status status="PASS" starttime="20220912 19:30:03.132" endtime="20220912 19:30:03.210"/>
</kw>
<kw name="Input Text" library="SeleniumLibrary">
<arg>${SET_EMAIL}</arg>
<arg>${user}</arg>
<doc>Types the given ``text`` into the text field identified by ``locator``.</doc>
<msg timestamp="20220912 19:30:03.211" level="INFO">Typing text 'ramin@rchsolutions.com' into text field '//input[@name='username']'.</msg>
<status status="PASS" starttime="20220912 19:30:03.210" endtime="20220912 19:30:03.486"/>
</kw>
<kw name="Page Should Contain Textfield" library="SeleniumLibrary">
<arg>${user}</arg>
<doc>Verifies text field ``locator`` is found from current page.</doc>
<msg timestamp="20220912 19:30:03.505" level="INFO">Current page contains text field 'ramin@rchsolutions.com'.</msg>
<status status="PASS" starttime="20220912 19:30:03.486" endtime="20220912 19:30:03.505"/>
</kw>
<kw name="Input Password" library="SeleniumLibrary">
<arg>${SET_PASS}</arg>
<arg>${password}</arg>
<doc>Types the given password into the text field identified by ``locator``.</doc>
<msg timestamp="20220912 19:30:03.505" level="INFO">Typing password into text field '//input[@name='password']'.</msg>
<msg timestamp="20220912 19:30:03.551" level="INFO">Temporally setting log level to: NONE</msg>
<msg timestamp="20220912 19:30:03.667" level="INFO">Log level changed from NONE to INFO.</msg>
<status status="PASS" starttime="20220912 19:30:03.505" endtime="20220912 19:30:03.667"/>
</kw>
<kw name="Page Should Contain Textfield" library="SeleniumLibrary">
<arg>${password}</arg>
<doc>Verifies text field ``locator`` is found from current page.</doc>
<msg timestamp="20220912 19:30:03.685" level="INFO">Current page contains text field 'Swamibapa2022@'.</msg>
<status status="PASS" starttime="20220912 19:30:03.668" endtime="20220912 19:30:03.685"/>
</kw>
<kw name="Page Should Contain Button" library="SeleniumLibrary">
<arg>${CLICK_SIGNIN_BTN}</arg>
<doc>Verifies button ``locator`` is found from current page.</doc>
<msg timestamp="20220912 19:30:03.722" level="INFO">Current page contains button '//button[@value='login']'.</msg>
<status status="PASS" starttime="20220912 19:30:03.686" endtime="20220912 19:30:03.722"/>
</kw>
<kw name="Page Should Contain Element" library="SeleniumLibrary">
<arg>${FORGOT_PASS_HYPERLINK}</arg>
<doc>Verifies that element ``locator`` is found on the current page.</doc>
<msg timestamp="20220912 19:30:03.740" level="INFO">Current page contains element '//a[contains(text(),'Forgot password?')]'.</msg>
<status status="PASS" starttime="20220912 19:30:03.722" endtime="20220912 19:30:03.741"/>
</kw>
<kw name="Click Element" library="SeleniumLibrary">
<arg>${CLICK_SIGNIN_BTN}</arg>
<doc>Click the element identified by ``locator``.</doc>
<msg timestamp="20220912 19:30:03.741" level="INFO">Clicking element '//button[@value='login']'.</msg>
<status status="PASS" starttime="20220912 19:30:03.741" endtime="20220912 19:30:06.526"/>
</kw>
<kw name="Sleep" library="BuiltIn">
<arg>5</arg>
<doc>Pauses the test executed for the given time.</doc>
<msg timestamp="20220912 19:30:11.529" level="INFO">Slept 5 seconds</msg>
<status status="PASS" starttime="20220912 19:30:06.527" endtime="20220912 19:30:11.530"/>
</kw>
<status status="PASS" starttime="20220912 19:30:02.814" endtime="20220912 19:30:11.530"/>
</kw>
<kw name="Verify that all plus icon button is clickable" library="MyStudies_003">
<kw name="Set Selenium Implicit Wait" library="SeleniumLibrary">
<arg>300</arg>
<doc>Sets the implicit wait value used by Selenium.</doc>
<status status="PASS" starttime="20220912 19:30:11.536" endtime="20220912 19:30:11.541"/>
</kw>
<kw name="Click Button" library="SeleniumLibrary">
<arg>${Close_Button}</arg>
<doc>Clicks the button identified by ``locator``.</doc>
<msg timestamp="20220912 19:30:11.544" level="INFO">Clicking button '(//button[contains(text(),'Close')])[1]'.</msg>
<status status="PASS" starttime="20220912 19:30:11.542" endtime="20220912 19:30:11.641"/>
</kw>
<kw name="Click Element" library="SeleniumLibrary">
<arg>${My_Studies}</arg>
<doc>Click the element identified by ``locator``.</doc>
<msg timestamp="20220912 19:30:11.642" level="INFO">Clicking element '//a[@title='My studies']'.</msg>
<status status="PASS" starttime="20220912 19:30:11.641" endtime="20220912 19:30:11.712"/>
</kw>
<kw name="Click Element" library="SeleniumLibrary">
<arg>${Click_On_Plus_Button_One}</arg>
<doc>Click the element identified by ``locator``.</doc>
<msg timestamp="20220912 19:30:11.713" level="INFO">Clicking element '3990'.</msg>
<status status="PASS" starttime="20220912 19:30:11.713" endtime="20220912 19:30:12.337"/>
</kw>
<kw name="Click Element" library="SeleniumLibrary">
<arg>${Click_On_Plus_Button_Two}</arg>
<doc>Click the element identified by ``locator``.</doc>
<msg timestamp="20220912 19:30:12.337" level="INFO">Clicking element '3967'.</msg>
<status status="PASS" starttime="20220912 19:30:12.337" endtime="20220912 19:30:12.391"/>
</kw>
<kw name="Click Button" library="SeleniumLibrary">
<arg>${Close_Button}</arg>
<doc>Clicks the button identified by ``locator``.</doc>
<msg timestamp="20220912 19:30:12.392" level="INFO">Clicking button '(//button[contains(text(),'Close')])[1]'.</msg>
<status status="PASS" starttime="20220912 19:30:12.391" endtime="20220912 19:30:12.461"/>
</kw>
<kw name="Sleep" library="BuiltIn">
<arg>3</arg>
<doc>Pauses the test executed for the given time.</doc>
<msg timestamp="20220912 19:30:15.465" level="INFO">Slept 3 seconds</msg>
<status status="PASS" starttime="20220912 19:30:12.461" endtime="20220912 19:30:15.465"/>
</kw>
<status status="PASS" starttime="20220912 19:30:11.533" endtime="20220912 19:30:15.465"/>
</kw>
<kw name="Close Browser" library="SeleniumLibrary">
<doc>Closes the current browser.</doc>
<status status="PASS" starttime="20220912 19:30:15.465" endtime="20220912 19:30:18.937"/>
</kw>
<status status="PASS" starttime="20220912 19:29:39.954" endtime="20220912 19:30:18.937"/>
</test>
<status status="PASS" starttime="20220912 19:29:39.610" endtime="20220912 19:30:18.937"/>
</suite>
<statistics>
<total>
<stat pass="1" fail="0" skip="0">All Tests</stat>
</total>
<tag>
</tag>
<suite>
<stat pass="1" fail="0" skip="0" id="s1" name="MyStudies TC 003">MyStudies TC 003</stat>
</suite>
</statistics>
<errors>
</errors>
</robot>
