<?xml version="1.0" encoding="UTF-8"?>
<robot generator="Robot 5.0.1 (Python 3.8.10 on win32)" generated="20220828 23:44:27.650" rpa="false" schemaversion="3">
<suite id="s1" name="MyStudies TC 003" source="D:\Freelancing\pharma\Tests\MyStudies\MyStudies_TC_003.robot">
<test id="s1-t1" name="Verify that all plus icon button is clickable" line="8">
<kw name="open my browser" library="LoginPage">
<kw name="Open Browser" library="SeleniumLibrary">
<arg>${SiteUrl}</arg>
<arg>${Browser}</arg>
<doc>Opens a new browser instance to the optional ``url``.</doc>
<msg timestamp="20220828 23:44:27.997" level="INFO">Opening browser 'chrome' to base url 'https://sandbox.jnjesm.com/'.</msg>
<status status="PASS" starttime="20220828 23:44:27.996" endtime="20220828 23:45:06.563"/>
</kw>
<kw name="Maximize Browser Window" library="SeleniumLibrary">
<doc>Maximizes current browser window.</doc>
<status status="PASS" starttime="20220828 23:45:06.563" endtime="20220828 23:45:06.830"/>
</kw>
<status status="PASS" starttime="20220828 23:44:27.995" endtime="20220828 23:45:06.830"/>
</kw>
<kw name="click signIn" library="LoginPage">
<kw name="Set Selenium Implicit Wait" library="SeleniumLibrary">
<arg>300</arg>
<doc>Sets the implicit wait value used by Selenium.</doc>
<status status="PASS" starttime="20220828 23:45:06.831" endtime="20220828 23:45:06.833"/>
</kw>
<kw name="Click Element" library="SeleniumLibrary">
<arg>${Authentication_Method}</arg>
<doc>Click the element identified by ``locator``.</doc>
<msg timestamp="20220828 23:45:06.833" level="INFO">Clicking element '//select[@name='scheme']'.</msg>
<status status="PASS" starttime="20220828 23:45:06.833" endtime="20220828 23:45:13.155"/>
</kw>
<kw name="Click Element" library="SeleniumLibrary">
<arg>${Select_Authentication_Method}</arg>
<doc>Click the element identified by ``locator``.</doc>
<msg timestamp="20220828 23:45:13.156" level="INFO">Clicking element '//option[contains(text(),'Non-J&amp;J')]'.</msg>
<status status="PASS" starttime="20220828 23:45:13.155" endtime="20220828 23:45:13.227"/>
</kw>
<kw name="Input Text" library="SeleniumLibrary">
<arg>${SET_EMAIL}</arg>
<arg>${user}</arg>
<doc>Types the given ``text`` into the text field identified by ``locator``.</doc>
<msg timestamp="20220828 23:45:13.229" level="INFO">Typing text 'ramin@rchsolutions.com' into text field '//input[@name='username']'.</msg>
<status status="PASS" starttime="20220828 23:45:13.228" endtime="20220828 23:45:13.436"/>
</kw>
<kw name="Page Should Contain Textfield" library="SeleniumLibrary">
<arg>${user}</arg>
<doc>Verifies text field ``locator`` is found from current page.</doc>
<msg timestamp="20220828 23:45:13.462" level="INFO">Current page contains text field 'ramin@rchsolutions.com'.</msg>
<status status="PASS" starttime="20220828 23:45:13.437" endtime="20220828 23:45:13.462"/>
</kw>
<kw name="Input Password" library="SeleniumLibrary">
<arg>${SET_PASS}</arg>
<arg>${password}</arg>
<doc>Types the given password into the text field identified by ``locator``.</doc>
<msg timestamp="20220828 23:45:13.463" level="INFO">Typing password into text field '//input[@name='password']'.</msg>
<msg timestamp="20220828 23:45:13.513" level="INFO">Temporally setting log level to: NONE</msg>
<msg timestamp="20220828 23:45:13.645" level="INFO">Log level changed from NONE to INFO.</msg>
<status status="PASS" starttime="20220828 23:45:13.463" endtime="20220828 23:45:13.645"/>
</kw>
<kw name="Page Should Contain Textfield" library="SeleniumLibrary">
<arg>${password}</arg>
<doc>Verifies text field ``locator`` is found from current page.</doc>
<msg timestamp="20220828 23:45:13.692" level="INFO">Current page contains text field 'Swamibapa2022@'.</msg>
<status status="PASS" starttime="20220828 23:45:13.646" endtime="20220828 23:45:13.692"/>
</kw>
<kw name="Page Should Contain Button" library="SeleniumLibrary">
<arg>${CLICK_SIGNIN_BTN}</arg>
<doc>Verifies button ``locator`` is found from current page.</doc>
<msg timestamp="20220828 23:45:13.726" level="INFO">Current page contains button '//button[@value='login']'.</msg>
<status status="PASS" starttime="20220828 23:45:13.692" endtime="20220828 23:45:13.726"/>
</kw>
<kw name="Page Should Contain Element" library="SeleniumLibrary">
<arg>${FORGOT_PASS_HYPERLINK}</arg>
<doc>Verifies that element ``locator`` is found on the current page.</doc>
<msg timestamp="20220828 23:45:13.737" level="INFO">Current page contains element '//a[contains(text(),'Forgot password?')]'.</msg>
<status status="PASS" starttime="20220828 23:45:13.726" endtime="20220828 23:45:13.737"/>
</kw>
<kw name="Click Element" library="SeleniumLibrary">
<arg>${CLICK_SIGNIN_BTN}</arg>
<doc>Click the element identified by ``locator``.</doc>
<msg timestamp="20220828 23:45:13.738" level="INFO">Clicking element '//button[@value='login']'.</msg>
<status status="PASS" starttime="20220828 23:45:13.738" endtime="20220828 23:45:16.831"/>
</kw>
<kw name="Sleep" library="BuiltIn">
<arg>5</arg>
<doc>Pauses the test executed for the given time.</doc>
<msg timestamp="20220828 23:45:21.843" level="INFO">Slept 5 seconds</msg>
<status status="PASS" starttime="20220828 23:45:16.831" endtime="20220828 23:45:21.843"/>
</kw>
<status status="PASS" starttime="20220828 23:45:06.831" endtime="20220828 23:45:21.843"/>
</kw>
<kw name="Verify that all plus icon button is clickable" library="MyStudies_003">
<kw name="Set Selenium Implicit Wait" library="SeleniumLibrary">
<arg>300</arg>
<doc>Sets the implicit wait value used by Selenium.</doc>
<status status="PASS" starttime="20220828 23:45:21.844" endtime="20220828 23:45:21.846"/>
</kw>
<kw name="Click Button" library="SeleniumLibrary">
<arg>${Close_Button}</arg>
<doc>Clicks the button identified by ``locator``.</doc>
<msg timestamp="20220828 23:45:21.847" level="INFO">Clicking button '(//button[contains(text(),'Close')])[1]'.</msg>
<status status="PASS" starttime="20220828 23:45:21.846" endtime="20220828 23:45:21.932"/>
</kw>
<kw name="Click Element" library="SeleniumLibrary">
<arg>${My_Studies}</arg>
<doc>Click the element identified by ``locator``.</doc>
<msg timestamp="20220828 23:45:21.933" level="INFO">Clicking element '//a[@title='My studies']'.</msg>
<status status="PASS" starttime="20220828 23:45:21.932" endtime="20220828 23:45:22.014"/>
</kw>
<kw name="Click Element" library="SeleniumLibrary">
<arg>${Click_On_Plus_Button_One}</arg>
<doc>Click the element identified by ``locator``.</doc>
<msg timestamp="20220828 23:45:22.015" level="INFO">Clicking element '4016'.</msg>
<status status="PASS" starttime="20220828 23:45:22.014" endtime="20220828 23:45:23.333"/>
</kw>
<kw name="Click Element" library="SeleniumLibrary">
<arg>${Click_On_Plus_Button_Two}</arg>
<doc>Click the element identified by ``locator``.</doc>
<msg timestamp="20220828 23:45:23.333" level="INFO">Clicking element '3990'.</msg>
<status status="PASS" starttime="20220828 23:45:23.333" endtime="20220828 23:45:23.392"/>
</kw>
<kw name="Click Element" library="SeleniumLibrary">
<arg>${Click_On_Plus_Button_Three}</arg>
<doc>Click the element identified by ``locator``.</doc>
<msg timestamp="20220828 23:45:23.393" level="INFO">Clicking element '3967'.</msg>
<status status="PASS" starttime="20220828 23:45:23.392" endtime="20220828 23:45:23.447"/>
</kw>
<kw name="Click Button" library="SeleniumLibrary">
<arg>${Close_Button}</arg>
<doc>Clicks the button identified by ``locator``.</doc>
<msg timestamp="20220828 23:45:23.448" level="INFO">Clicking button '(//button[contains(text(),'Close')])[1]'.</msg>
<status status="PASS" starttime="20220828 23:45:23.448" endtime="20220828 23:45:23.515"/>
</kw>
<kw name="Sleep" library="BuiltIn">
<arg>3</arg>
<doc>Pauses the test executed for the given time.</doc>
<msg timestamp="20220828 23:45:26.523" level="INFO">Slept 3 seconds</msg>
<status status="PASS" starttime="20220828 23:45:23.515" endtime="20220828 23:45:26.523"/>
</kw>
<status status="PASS" starttime="20220828 23:45:21.843" endtime="20220828 23:45:26.523"/>
</kw>
<kw name="Close Browser" library="SeleniumLibrary">
<doc>Closes the current browser.</doc>
<status status="PASS" starttime="20220828 23:45:26.524" endtime="20220828 23:45:30.283"/>
</kw>
<status status="PASS" starttime="20220828 23:44:27.994" endtime="20220828 23:45:30.285"/>
</test>
<status status="PASS" starttime="20220828 23:44:27.653" endtime="20220828 23:45:30.292"/>
</suite>
<statistics>
<total>
<stat pass="1" fail="0" skip="0">All Tests</stat>
</total>
<tag>
</tag>
<suite>
<stat pass="1" fail="0" skip="0" id="s1" name="MyStudies TC 003">MyStudies TC 003</stat>
</suite>
</statistics>
<errors>
</errors>
</robot>
