<?xml version="1.0" encoding="UTF-8"?>
<robot generator="Robot 5.0.1 (Python 3.8.10 on win32)" generated="20221005 13:27:36.811" rpa="false" schemaversion="3">
<suite id="s1" name="MyProfileTest TC 002" source="D:\pharma\Tests\MyProfile\MyProfileTest_TC_002.robot">
<test id="s1-t1" name="Check Change password option is working" line="8">
<kw name="open my browser" library="LoginPage">
<kw name="Open Browser" library="SeleniumLibrary">
<arg>${SiteUrl}</arg>
<arg>${Browser}</arg>
<doc>Opens a new browser instance to the optional ``url``.</doc>
<msg timestamp="20221005 13:27:37.108" level="INFO">Opening browser 'chrome' to base url 'https://sandbox.jnjesm.com/'.</msg>
<status status="PASS" starttime="20221005 13:27:37.107" endtime="20221005 13:28:19.715"/>
</kw>
<kw name="Maximize Browser Window" library="SeleniumLibrary">
<doc>Maximizes current browser window.</doc>
<status status="PASS" starttime="20221005 13:28:19.715" endtime="20221005 13:28:19.945"/>
</kw>
<status status="PASS" starttime="20221005 13:27:37.106" endtime="20221005 13:28:19.945"/>
</kw>
<kw name="click signIn" library="LoginPage">
<kw name="Set Selenium Implicit Wait" library="SeleniumLibrary">
<arg>300</arg>
<doc>Sets the implicit wait value used by Selenium.</doc>
<status status="PASS" starttime="20221005 13:28:19.946" endtime="20221005 13:28:19.949"/>
</kw>
<kw name="Click Element" library="SeleniumLibrary">
<arg>${Authentication_Method}</arg>
<doc>Click the element identified by ``locator``.</doc>
<msg timestamp="20221005 13:28:19.950" level="INFO">Clicking element '//select[@name='scheme']'.</msg>
<status status="PASS" starttime="20221005 13:28:19.949" endtime="20221005 13:29:26.695"/>
</kw>
<kw name="Click Element" library="SeleniumLibrary">
<arg>${Select_Authentication_Method}</arg>
<doc>Click the element identified by ``locator``.</doc>
<msg timestamp="20221005 13:29:26.696" level="INFO">Clicking element '//option[contains(text(),'Non-J&amp;J')]'.</msg>
<status status="PASS" starttime="20221005 13:29:26.696" endtime="20221005 13:29:26.783"/>
</kw>
<kw name="Input Text" library="SeleniumLibrary">
<arg>${SET_EMAIL}</arg>
<arg>${user}</arg>
<doc>Types the given ``text`` into the text field identified by ``locator``.</doc>
<msg timestamp="20221005 13:29:26.785" level="INFO">Typing text 'ramin@rchsolutions.com' into text field '//input[@name='username']'.</msg>
<status status="PASS" starttime="20221005 13:29:26.783" endtime="20221005 13:29:27.019"/>
</kw>
<kw name="Page Should Contain Textfield" library="SeleniumLibrary">
<arg>${user}</arg>
<doc>Verifies text field ``locator`` is found from current page.</doc>
<msg timestamp="20221005 13:29:27.040" level="INFO">Current page contains text field 'ramin@rchsolutions.com'.</msg>
<status status="PASS" starttime="20221005 13:29:27.019" endtime="20221005 13:29:27.040"/>
</kw>
<kw name="Input Password" library="SeleniumLibrary">
<arg>${SET_PASS}</arg>
<arg>${password}</arg>
<doc>Types the given password into the text field identified by ``locator``.</doc>
<msg timestamp="20221005 13:29:27.041" level="INFO">Typing password into text field '//input[@name='password']'.</msg>
<msg timestamp="20221005 13:29:27.095" level="INFO">Temporally setting log level to: NONE</msg>
<msg timestamp="20221005 13:29:27.253" level="INFO">Log level changed from NONE to INFO.</msg>
<status status="PASS" starttime="20221005 13:29:27.041" endtime="20221005 13:29:27.253"/>
</kw>
<kw name="Page Should Contain Textfield" library="SeleniumLibrary">
<arg>${password}</arg>
<doc>Verifies text field ``locator`` is found from current page.</doc>
<msg timestamp="20221005 13:29:27.270" level="INFO">Current page contains text field 'Swamibapa2022@'.</msg>
<status status="PASS" starttime="20221005 13:29:27.253" endtime="20221005 13:29:27.271"/>
</kw>
<kw name="Page Should Contain Button" library="SeleniumLibrary">
<arg>${CLICK_SIGNIN_BTN}</arg>
<doc>Verifies button ``locator`` is found from current page.</doc>
<msg timestamp="20221005 13:29:27.374" level="INFO">Current page contains button '//button[@value='login']'.</msg>
<status status="PASS" starttime="20221005 13:29:27.271" endtime="20221005 13:29:27.374"/>
</kw>
<kw name="Page Should Contain Element" library="SeleniumLibrary">
<arg>${FORGOT_PASS_HYPERLINK}</arg>
<doc>Verifies that element ``locator`` is found on the current page.</doc>
<msg timestamp="20221005 13:29:27.398" level="INFO">Current page contains element '//a[contains(text(),'Forgot password?')]'.</msg>
<status status="PASS" starttime="20221005 13:29:27.375" endtime="20221005 13:29:27.399"/>
</kw>
<kw name="Click Element" library="SeleniumLibrary">
<arg>${CLICK_SIGNIN_BTN}</arg>
<doc>Click the element identified by ``locator``.</doc>
<msg timestamp="20221005 13:29:27.400" level="INFO">Clicking element '//button[@value='login']'.</msg>
<status status="PASS" starttime="20221005 13:29:27.399" endtime="20221005 13:29:31.228"/>
</kw>
<kw name="Sleep" library="BuiltIn">
<arg>5</arg>
<doc>Pauses the test executed for the given time.</doc>
<msg timestamp="20221005 13:29:36.235" level="INFO">Slept 5 seconds</msg>
<status status="PASS" starttime="20221005 13:29:31.228" endtime="20221005 13:29:36.235"/>
</kw>
<status status="PASS" starttime="20221005 13:28:19.946" endtime="20221005 13:29:36.235"/>
</kw>
<kw name="my profile icon clickable or not" library="MyProfilePage_001">
<kw name="Set Selenium Implicit Wait" library="SeleniumLibrary">
<arg>300</arg>
<doc>Sets the implicit wait value used by Selenium.</doc>
<status status="PASS" starttime="20221005 13:29:36.236" endtime="20221005 13:29:36.238"/>
</kw>
<kw name="Page Should Contain Element" library="SeleniumLibrary">
<arg>${Studied_Dashboard}</arg>
<doc>Verifies that element ``locator`` is found on the current page.</doc>
<msg timestamp="20221005 13:29:37.114" level="INFO">Current page contains element '(//span[contains(text(),'Studies')])[1]'.</msg>
<status status="PASS" starttime="20221005 13:29:36.238" endtime="20221005 13:29:37.115"/>
</kw>
<kw name="Click Button" library="SeleniumLibrary">
<arg>${Close_Button}</arg>
<doc>Clicks the button identified by ``locator``.</doc>
<msg timestamp="20221005 13:29:37.115" level="INFO">Clicking button '(//button[contains(text(),'Close')])[1]'.</msg>
<status status="PASS" starttime="20221005 13:29:37.115" endtime="20221005 13:29:37.235"/>
</kw>
<kw name="Element Should Be Visible" library="SeleniumLibrary">
<arg>${Profile_icon}</arg>
<doc>Verifies that the element identified by ``locator`` is visible.</doc>
<msg timestamp="20221005 13:29:37.270" level="INFO">Element '//i[@class='user outline fitted icon']' is displayed.</msg>
<status status="PASS" starttime="20221005 13:29:37.235" endtime="20221005 13:29:37.270"/>
</kw>
<kw name="Click Element" library="SeleniumLibrary">
<arg>${Profile_icon}</arg>
<doc>Click the element identified by ``locator``.</doc>
<msg timestamp="20221005 13:29:37.271" level="INFO">Clicking element '//i[@class='user outline fitted icon']'.</msg>
<status status="PASS" starttime="20221005 13:29:37.270" endtime="20221005 13:29:37.351"/>
</kw>
<kw name="Element Should Be Visible" library="SeleniumLibrary">
<arg>${Profile_image}</arg>
<doc>Verifies that the element identified by ``locator`` is visible.</doc>
<msg timestamp="20221005 13:29:37.395" level="INFO">Element '//div[@class='sc-dxgOiQ hGcaOc']' is displayed.</msg>
<status status="PASS" starttime="20221005 13:29:37.351" endtime="20221005 13:29:37.395"/>
</kw>
<kw name="Element Should Be Visible" library="SeleniumLibrary">
<arg>${Email_id}</arg>
<doc>Verifies that the element identified by ``locator`` is visible.</doc>
<msg timestamp="20221005 13:29:37.434" level="INFO">Element '//div[@class='userColorIconContainer']' is displayed.</msg>
<status status="PASS" starttime="20221005 13:29:37.396" endtime="20221005 13:29:37.434"/>
</kw>
<kw name="Sleep" library="BuiltIn">
<arg>3</arg>
<doc>Pauses the test executed for the given time.</doc>
<msg timestamp="20221005 13:29:40.435" level="INFO">Slept 3 seconds</msg>
<status status="PASS" starttime="20221005 13:29:37.434" endtime="20221005 13:29:40.435"/>
</kw>
<status status="PASS" starttime="20221005 13:29:36.236" endtime="20221005 13:29:40.435"/>
</kw>
<kw name="check change password option is working" library="MyProfilePage_002">
<kw name="Set Selenium Implicit Wait" library="SeleniumLibrary">
<arg>300</arg>
<doc>Sets the implicit wait value used by Selenium.</doc>
<status status="PASS" starttime="20221005 13:29:40.436" endtime="20221005 13:29:40.438"/>
</kw>
<kw name="Element Should Be Visible" library="SeleniumLibrary">
<arg>${Change_Pass_Icon}</arg>
<doc>Verifies that the element identified by ``locator`` is visible.</doc>
<msg timestamp="20221005 13:29:40.465" level="INFO">Element '//i[@class='key icon']' is displayed.</msg>
<status status="PASS" starttime="20221005 13:29:40.438" endtime="20221005 13:29:40.466"/>
</kw>
<kw name="Element Should Be Visible" library="SeleniumLibrary">
<arg>${Change_Pass_Hyper_link}</arg>
<doc>Verifies that the element identified by ``locator`` is visible.</doc>
<msg timestamp="20221005 13:29:40.491" level="INFO">Element '(//span[contains(text(),'Change password')])[1]' is displayed.</msg>
<status status="PASS" starttime="20221005 13:29:40.466" endtime="20221005 13:29:40.491"/>
</kw>
<kw name="Click Element" library="SeleniumLibrary">
<arg>${Change_Pass_Hyper_link}</arg>
<doc>Click the element identified by ``locator``.</doc>
<msg timestamp="20221005 13:29:40.492" level="INFO">Clicking element '(//span[contains(text(),'Change password')])[1]'.</msg>
<status status="PASS" starttime="20221005 13:29:40.491" endtime="20221005 13:29:56.551"/>
</kw>
<kw name="Element Should Be Visible" library="SeleniumLibrary">
<arg>${Username_Email_PopUp}</arg>
<doc>Verifies that the element identified by ``locator`` is visible.</doc>
<msg timestamp="20221005 13:29:56.591" level="INFO">Element '//div[@class='loginForm']' is displayed.</msg>
<status status="PASS" starttime="20221005 13:29:56.551" endtime="20221005 13:29:56.591"/>
</kw>
<kw name="Element Should Be Visible" library="SeleniumLibrary">
<arg>${Username_Input_Text_Field}</arg>
<doc>Verifies that the element identified by ``locator`` is visible.</doc>
<msg timestamp="20221005 13:29:56.616" level="INFO">Element '//input[@placeholder='Username']' is displayed.</msg>
<status status="PASS" starttime="20221005 13:29:56.591" endtime="20221005 13:29:56.616"/>
</kw>
<kw name="Input Text" library="SeleniumLibrary">
<arg>${Username_Input_Text_Field}</arg>
<arg>${user}</arg>
<doc>Types the given ``text`` into the text field identified by ``locator``.</doc>
<msg timestamp="20221005 13:29:56.617" level="INFO">Typing text 'ramin@rchsolutions.com' into text field '//input[@placeholder='Username']'.</msg>
<status status="PASS" starttime="20221005 13:29:56.617" endtime="20221005 13:29:56.728"/>
</kw>
<kw name="Element Should Be Visible" library="SeleniumLibrary">
<arg>${Send_Email}</arg>
<doc>Verifies that the element identified by ``locator`` is visible.</doc>
<msg timestamp="20221005 13:29:56.757" level="INFO">Element '//button[contains(text(),'Send email')]' is displayed.</msg>
<status status="PASS" starttime="20221005 13:29:56.728" endtime="20221005 13:29:56.758"/>
</kw>
<kw name="Click Button" library="SeleniumLibrary">
<arg>${Send_Email}</arg>
<doc>Clicks the button identified by ``locator``.</doc>
<msg timestamp="20221005 13:29:56.758" level="INFO">Clicking button '//button[contains(text(),'Send email')]'.</msg>
<status status="PASS" starttime="20221005 13:29:56.758" endtime="20221005 13:29:57.277"/>
</kw>
<kw name="Sleep" library="BuiltIn">
<arg>20</arg>
<doc>Pauses the test executed for the given time.</doc>
<msg timestamp="20221005 13:30:17.281" level="INFO">Slept 20 seconds</msg>
<status status="PASS" starttime="20221005 13:29:57.277" endtime="20221005 13:30:17.281"/>
</kw>
<status status="PASS" starttime="20221005 13:29:40.436" endtime="20221005 13:30:17.282"/>
</kw>
<kw name="Close Browser" library="SeleniumLibrary">
<doc>Closes the current browser.</doc>
<status status="PASS" starttime="20221005 13:30:17.283" endtime="20221005 13:30:19.510"/>
</kw>
<status status="PASS" starttime="20221005 13:27:37.104" endtime="20221005 13:30:19.511"/>
</test>
<status status="PASS" starttime="20221005 13:27:36.814" endtime="20221005 13:30:19.513"/>
</suite>
<statistics>
<total>
<stat pass="1" fail="0" skip="0">All Tests</stat>
</total>
<tag>
</tag>
<suite>
<stat pass="1" fail="0" skip="0" id="s1" name="MyProfileTest TC 002">MyProfileTest TC 002</stat>
</suite>
</statistics>
<errors>
</errors>
</robot>
