<?xml version="1.0" encoding="UTF-8"?>
<robot generator="Robot 5.0.1 (Python 3.8.10 on win32)" generated="20220828 00:40:24.106" rpa="false" schemaversion="3">
<suite id="s1" name="LoginTests TC 002" source="D:\Freelancing\pharma\Tests\LoginTests_TC_002.robot">
<test id="s1-t1" name="Login" line="6">
<kw name="open my browser" library="loginPage">
<kw name="Open Browser" library="SeleniumLibrary">
<arg>${SiteUrl}</arg>
<arg>${Browser}</arg>
<doc>Opens a new browser instance to the optional ``url``.</doc>
<msg timestamp="20220828 00:40:24.441" level="INFO">Opening browser 'chrome' to base url 'https://sandbox.jnjesm.com/'.</msg>
<status status="PASS" starttime="20220828 00:40:24.441" endtime="20220828 00:40:38.888"/>
</kw>
<kw name="Maximize Browser Window" library="SeleniumLibrary">
<doc>Maximizes current browser window.</doc>
<status status="PASS" starttime="20220828 00:40:38.888" endtime="20220828 00:40:39.048"/>
</kw>
<status status="PASS" starttime="20220828 00:40:24.440" endtime="20220828 00:40:39.049"/>
</kw>
<kw name="click signIn" library="loginPage">
<kw name="Set Selenium Implicit Wait" library="SeleniumLibrary">
<arg>300</arg>
<doc>Sets the implicit wait value used by Selenium.</doc>
<status status="PASS" starttime="20220828 00:40:39.051" endtime="20220828 00:40:39.053"/>
</kw>
<kw name="Input Text" library="SeleniumLibrary">
<arg>${SET_EMAIL}</arg>
<arg>${user}</arg>
<doc>Types the given ``text`` into the text field identified by ``locator``.</doc>
<msg timestamp="20220828 00:40:39.054" level="INFO">Typing text 'ramin@rchsolutions.com' into text field '//input[@name='username']'.</msg>
<status status="PASS" starttime="20220828 00:40:39.053" endtime="20220828 00:40:44.493"/>
</kw>
<kw name="Page Should Contain Textfield" library="SeleniumLibrary">
<arg>${user}</arg>
<doc>Verifies text field ``locator`` is found from current page.</doc>
<msg timestamp="20220828 00:40:44.540" level="INFO">Current page contains text field 'ramin@rchsolutions.com'.</msg>
<status status="PASS" starttime="20220828 00:40:44.494" endtime="20220828 00:40:44.540"/>
</kw>
<kw name="Input Password" library="SeleniumLibrary">
<arg>${SET_PASS}</arg>
<arg>${password}</arg>
<doc>Types the given password into the text field identified by ``locator``.</doc>
<msg timestamp="20220828 00:40:44.541" level="INFO">Typing password into text field '//input[@name='password']'.</msg>
<msg timestamp="20220828 00:40:44.622" level="INFO">Temporally setting log level to: NONE</msg>
<msg timestamp="20220828 00:40:44.763" level="INFO">Log level changed from NONE to INFO.</msg>
<status status="PASS" starttime="20220828 00:40:44.540" endtime="20220828 00:40:44.763"/>
</kw>
<kw name="Page Should Contain Textfield" library="SeleniumLibrary">
<arg>${password}</arg>
<doc>Verifies text field ``locator`` is found from current page.</doc>
<msg timestamp="20220828 00:40:44.782" level="INFO">Current page contains text field 'Swamibapa2022@'.</msg>
<status status="PASS" starttime="20220828 00:40:44.763" endtime="20220828 00:40:44.782"/>
</kw>
<kw name="Click Element" library="SeleniumLibrary">
<arg>${CLICK_SIGNIN_BTN}</arg>
<doc>Click the element identified by ``locator``.</doc>
<msg timestamp="20220828 00:40:44.783" level="INFO">Clicking element '//button[@value='login']'.</msg>
<status status="PASS" starttime="20220828 00:40:44.782" endtime="20220828 00:40:46.492"/>
</kw>
<kw name="Page Should Contain Button" library="SeleniumLibrary">
<arg>${CLICK_SIGNIN_BTN}</arg>
<doc>Verifies button ``locator`` is found from current page.</doc>
<msg timestamp="20220828 00:40:46.800" level="INFO">Current page contains button '//button[@value='login']'.</msg>
<status status="PASS" starttime="20220828 00:40:46.493" endtime="20220828 00:40:46.800"/>
</kw>
<kw name="Sleep" library="BuiltIn">
<arg>5</arg>
<doc>Pauses the test executed for the given time.</doc>
<msg timestamp="20220828 00:40:51.812" level="INFO">Slept 5 seconds</msg>
<status status="PASS" starttime="20220828 00:40:46.801" endtime="20220828 00:40:51.812"/>
</kw>
<status status="PASS" starttime="20220828 00:40:39.050" endtime="20220828 00:40:51.812"/>
</kw>
<kw name="Close Browser" library="SeleniumLibrary">
<doc>Closes the current browser.</doc>
<status status="PASS" starttime="20220828 00:40:51.813" endtime="20220828 00:40:54.768"/>
</kw>
<status status="PASS" starttime="20220828 00:40:24.439" endtime="20220828 00:40:54.771"/>
</test>
<status status="PASS" starttime="20220828 00:40:24.108" endtime="20220828 00:40:54.774"/>
</suite>
<statistics>
<total>
<stat pass="1" fail="0" skip="0">All Tests</stat>
</total>
<tag>
</tag>
<suite>
<stat pass="1" fail="0" skip="0" id="s1" name="LoginTests TC 002">LoginTests TC 002</stat>
</suite>
</statistics>
<errors>
</errors>
</robot>
