<?xml version="1.0" encoding="UTF-8"?>
<robot generator="Robot 5.0.1 (Python 3.8.10 on win32)" generated="20220912 00:41:29.209" rpa="false" schemaversion="3">
<suite id="s1" name="SlideSearch" source="D:\pharma\Tests\SlideSearch">
<suite id="s1-s1" name="SlideSearchTest TC 001" source="D:\pharma\Tests\SlideSearch\SlideSearchTest_TC_001.robot">
<test id="s1-s1-t1" name="Verify Filter option is working" line="8">
<kw name="open my browser" library="LoginPage">
<kw name="Open Browser" library="SeleniumLibrary">
<arg>${SiteUrl}</arg>
<arg>${Browser}</arg>
<doc>Opens a new browser instance to the optional ``url``.</doc>
<msg timestamp="20220912 00:41:29.624" level="INFO">Opening browser 'chrome' to base url 'https://sandbox.jnjesm.com/'.</msg>
<status status="PASS" starttime="20220912 00:41:29.624" endtime="20220912 00:41:45.804"/>
</kw>
<kw name="Maximize Browser Window" library="SeleniumLibrary">
<doc>Maximizes current browser window.</doc>
<status status="PASS" starttime="20220912 00:41:45.804" endtime="20220912 00:41:45.979"/>
</kw>
<status status="PASS" starttime="20220912 00:41:29.623" endtime="20220912 00:41:45.979"/>
</kw>
<kw name="click signIn" library="LoginPage">
<kw name="Set Selenium Implicit Wait" library="SeleniumLibrary">
<arg>300</arg>
<doc>Sets the implicit wait value used by Selenium.</doc>
<status status="PASS" starttime="20220912 00:41:45.980" endtime="20220912 00:41:45.984"/>
</kw>
<kw name="Click Element" library="SeleniumLibrary">
<arg>${Authentication_Method}</arg>
<doc>Click the element identified by ``locator``.</doc>
<msg timestamp="20220912 00:41:45.985" level="INFO">Clicking element '//select[@name='scheme']'.</msg>
<status status="PASS" starttime="20220912 00:41:45.984" endtime="20220912 00:41:46.339"/>
</kw>
<kw name="Click Element" library="SeleniumLibrary">
<arg>${Select_Authentication_Method}</arg>
<doc>Click the element identified by ``locator``.</doc>
<msg timestamp="20220912 00:41:46.340" level="INFO">Clicking element '//option[contains(text(),'Non-J&amp;J')]'.</msg>
<status status="PASS" starttime="20220912 00:41:46.339" endtime="20220912 00:41:46.552"/>
</kw>
<kw name="Input Text" library="SeleniumLibrary">
<arg>${SET_EMAIL}</arg>
<arg>${user}</arg>
<doc>Types the given ``text`` into the text field identified by ``locator``.</doc>
<msg timestamp="20220912 00:41:46.554" level="INFO">Typing text 'ramin@rchsolutions.com' into text field '//input[@name='username']'.</msg>
<status status="PASS" starttime="20220912 00:41:46.553" endtime="20220912 00:41:46.854"/>
</kw>
<kw name="Page Should Contain Textfield" library="SeleniumLibrary">
<arg>${user}</arg>
<doc>Verifies text field ``locator`` is found from current page.</doc>
<msg timestamp="20220912 00:41:46.878" level="INFO">Current page contains text field 'ramin@rchsolutions.com'.</msg>
<status status="PASS" starttime="20220912 00:41:46.854" endtime="20220912 00:41:46.879"/>
</kw>
<kw name="Input Password" library="SeleniumLibrary">
<arg>${SET_PASS}</arg>
<arg>${password}</arg>
<doc>Types the given password into the text field identified by ``locator``.</doc>
<msg timestamp="20220912 00:41:46.879" level="INFO">Typing password into text field '//input[@name='password']'.</msg>
<msg timestamp="20220912 00:41:46.951" level="INFO">Temporally setting log level to: NONE</msg>
<msg timestamp="20220912 00:41:47.146" level="INFO">Log level changed from NONE to INFO.</msg>
<status status="PASS" starttime="20220912 00:41:46.879" endtime="20220912 00:41:47.146"/>
</kw>
<kw name="Page Should Contain Textfield" library="SeleniumLibrary">
<arg>${password}</arg>
<doc>Verifies text field ``locator`` is found from current page.</doc>
<msg timestamp="20220912 00:41:47.167" level="INFO">Current page contains text field 'Swamibapa2022@'.</msg>
<status status="PASS" starttime="20220912 00:41:47.146" endtime="20220912 00:41:47.167"/>
</kw>
<kw name="Page Should Contain Button" library="SeleniumLibrary">
<arg>${CLICK_SIGNIN_BTN}</arg>
<doc>Verifies button ``locator`` is found from current page.</doc>
<msg timestamp="20220912 00:41:47.211" level="INFO">Current page contains button '//button[@value='login']'.</msg>
<status status="PASS" starttime="20220912 00:41:47.168" endtime="20220912 00:41:47.211"/>
</kw>
<kw name="Page Should Contain Element" library="SeleniumLibrary">
<arg>${FORGOT_PASS_HYPERLINK}</arg>
<doc>Verifies that element ``locator`` is found on the current page.</doc>
<msg timestamp="20220912 00:41:47.229" level="INFO">Current page contains element '//a[contains(text(),'Forgot password?')]'.</msg>
<status status="PASS" starttime="20220912 00:41:47.212" endtime="20220912 00:41:47.229"/>
</kw>
<kw name="Click Element" library="SeleniumLibrary">
<arg>${CLICK_SIGNIN_BTN}</arg>
<doc>Click the element identified by ``locator``.</doc>
<msg timestamp="20220912 00:41:47.230" level="INFO">Clicking element '//button[@value='login']'.</msg>
<status status="PASS" starttime="20220912 00:41:47.229" endtime="20220912 00:41:50.304"/>
</kw>
<kw name="Sleep" library="BuiltIn">
<arg>5</arg>
<doc>Pauses the test executed for the given time.</doc>
<msg timestamp="20220912 00:41:55.310" level="INFO">Slept 5 seconds</msg>
<status status="PASS" starttime="20220912 00:41:50.305" endtime="20220912 00:41:55.310"/>
</kw>
<status status="PASS" starttime="20220912 00:41:45.979" endtime="20220912 00:41:55.311"/>
</kw>
<kw name="Verify that Search Result is showing on display" library="SlideSharePage_001">
<kw name="Set Selenium Implicit Wait" library="SeleniumLibrary">
<arg>300</arg>
<doc>Sets the implicit wait value used by Selenium.</doc>
<status status="PASS" starttime="20220912 00:41:55.315" endtime="20220912 00:41:55.319"/>
</kw>
<kw name="Click Button" library="SeleniumLibrary">
<arg>${Close_Button}</arg>
<doc>Clicks the button identified by ``locator``.</doc>
<msg timestamp="20220912 00:41:55.321" level="INFO">Clicking button '(//button[contains(text(),'Close')])[1]'.</msg>
<status status="PASS" starttime="20220912 00:41:55.320" endtime="20220912 00:41:55.428"/>
</kw>
<kw name="Element Should Be Visible" library="SeleniumLibrary">
<arg>${Search_Field}</arg>
<doc>Verifies that the element identified by ``locator`` is visible.</doc>
<msg timestamp="20220912 00:41:55.467" level="INFO">Element '//input[@placeholder='Find Slides']' is displayed.</msg>
<status status="PASS" starttime="20220912 00:41:55.428" endtime="20220912 00:41:55.467"/>
</kw>
<kw name="Click Element" library="SeleniumLibrary">
<arg>${Search_Option_Dropdown}</arg>
<doc>Click the element identified by ``locator``.</doc>
<msg timestamp="20220912 00:41:55.468" level="INFO">Clicking element '(//div[@role='listbox'])[1]'.</msg>
<status status="PASS" starttime="20220912 00:41:55.467" endtime="20220912 00:41:55.535"/>
</kw>
<kw name="Click Element" library="SeleniumLibrary">
<arg>${Select_Slides}</arg>
<doc>Click the element identified by ``locator``.</doc>
<msg timestamp="20220912 00:41:55.536" level="INFO">Clicking element '//div[contains(text(),'Slides')]'.</msg>
<status status="PASS" starttime="20220912 00:41:55.535" endtime="20220912 00:41:55.606"/>
</kw>
<kw name="Input Text" library="SeleniumLibrary">
<arg>${Search_Field}</arg>
<arg>fjfjjjfjfj</arg>
<doc>Types the given ``text`` into the text field identified by ``locator``.</doc>
<msg timestamp="20220912 00:41:55.606" level="INFO">Typing text 'fjfjjjfjfj' into text field '//input[@placeholder='Find Slides']'.</msg>
<status status="PASS" starttime="20220912 00:41:55.606" endtime="20220912 00:41:55.780"/>
</kw>
<kw name="Sleep" library="BuiltIn">
<arg>20</arg>
<doc>Pauses the test executed for the given time.</doc>
<msg timestamp="20220912 00:42:15.782" level="INFO">Slept 20 seconds</msg>
<status status="PASS" starttime="20220912 00:41:55.781" endtime="20220912 00:42:15.782"/>
</kw>
<status status="PASS" starttime="20220912 00:41:55.313" endtime="20220912 00:42:15.782"/>
</kw>
<kw name="Close Browser" library="SeleniumLibrary">
<doc>Closes the current browser.</doc>
<status status="PASS" starttime="20220912 00:42:15.783" endtime="20220912 00:42:18.303"/>
</kw>
<status status="PASS" starttime="20220912 00:41:29.622" endtime="20220912 00:42:18.304"/>
</test>
<status status="PASS" starttime="20220912 00:41:29.247" endtime="20220912 00:42:18.306"/>
</suite>
<suite id="s1-s2" name="SlideSearchTest TC 002" source="D:\pharma\Tests\SlideSearch\SlideSearchTest_TC_002.robot">
<test id="s1-s2-t1" name="Verify Filter option is working" line="8">
<kw name="open my browser" library="LoginPage">
<kw name="Open Browser" library="SeleniumLibrary">
<arg>${SiteUrl}</arg>
<arg>${Browser}</arg>
<doc>Opens a new browser instance to the optional ``url``.</doc>
<msg timestamp="20220912 00:42:18.344" level="INFO">Opening browser 'chrome' to base url 'https://sandbox.jnjesm.com/'.</msg>
<status status="PASS" starttime="20220912 00:42:18.343" endtime="20220912 00:42:30.206"/>
</kw>
<kw name="Maximize Browser Window" library="SeleniumLibrary">
<doc>Maximizes current browser window.</doc>
<status status="PASS" starttime="20220912 00:42:30.206" endtime="20220912 00:42:30.420"/>
</kw>
<status status="PASS" starttime="20220912 00:42:18.342" endtime="20220912 00:42:30.420"/>
</kw>
<kw name="click signIn" library="LoginPage">
<kw name="Set Selenium Implicit Wait" library="SeleniumLibrary">
<arg>300</arg>
<doc>Sets the implicit wait value used by Selenium.</doc>
<status status="PASS" starttime="20220912 00:42:30.432" endtime="20220912 00:42:30.437"/>
</kw>
<kw name="Click Element" library="SeleniumLibrary">
<arg>${Authentication_Method}</arg>
<doc>Click the element identified by ``locator``.</doc>
<msg timestamp="20220912 00:42:30.438" level="INFO">Clicking element '//select[@name='scheme']'.</msg>
<status status="PASS" starttime="20220912 00:42:30.437" endtime="20220912 00:42:36.627"/>
</kw>
<kw name="Click Element" library="SeleniumLibrary">
<arg>${Select_Authentication_Method}</arg>
<doc>Click the element identified by ``locator``.</doc>
<msg timestamp="20220912 00:42:36.629" level="INFO">Clicking element '//option[contains(text(),'Non-J&amp;J')]'.</msg>
<status status="PASS" starttime="20220912 00:42:36.628" endtime="20220912 00:42:36.758"/>
</kw>
<kw name="Input Text" library="SeleniumLibrary">
<arg>${SET_EMAIL}</arg>
<arg>${user}</arg>
<doc>Types the given ``text`` into the text field identified by ``locator``.</doc>
<msg timestamp="20220912 00:42:36.760" level="INFO">Typing text 'ramin@rchsolutions.com' into text field '//input[@name='username']'.</msg>
<status status="PASS" starttime="20220912 00:42:36.759" endtime="20220912 00:42:37.067"/>
</kw>
<kw name="Page Should Contain Textfield" library="SeleniumLibrary">
<arg>${user}</arg>
<doc>Verifies text field ``locator`` is found from current page.</doc>
<msg timestamp="20220912 00:42:37.091" level="INFO">Current page contains text field 'ramin@rchsolutions.com'.</msg>
<status status="PASS" starttime="20220912 00:42:37.067" endtime="20220912 00:42:37.091"/>
</kw>
<kw name="Input Password" library="SeleniumLibrary">
<arg>${SET_PASS}</arg>
<arg>${password}</arg>
<doc>Types the given password into the text field identified by ``locator``.</doc>
<msg timestamp="20220912 00:42:37.091" level="INFO">Typing password into text field '//input[@name='password']'.</msg>
<msg timestamp="20220912 00:42:37.175" level="INFO">Temporally setting log level to: NONE</msg>
<msg timestamp="20220912 00:42:37.308" level="INFO">Log level changed from NONE to INFO.</msg>
<status status="PASS" starttime="20220912 00:42:37.091" endtime="20220912 00:42:37.309"/>
</kw>
<kw name="Page Should Contain Textfield" library="SeleniumLibrary">
<arg>${password}</arg>
<doc>Verifies text field ``locator`` is found from current page.</doc>
<msg timestamp="20220912 00:42:37.329" level="INFO">Current page contains text field 'Swamibapa2022@'.</msg>
<status status="PASS" starttime="20220912 00:42:37.309" endtime="20220912 00:42:37.329"/>
</kw>
<kw name="Page Should Contain Button" library="SeleniumLibrary">
<arg>${CLICK_SIGNIN_BTN}</arg>
<doc>Verifies button ``locator`` is found from current page.</doc>
<msg timestamp="20220912 00:42:37.366" level="INFO">Current page contains button '//button[@value='login']'.</msg>
<status status="PASS" starttime="20220912 00:42:37.329" endtime="20220912 00:42:37.366"/>
</kw>
<kw name="Page Should Contain Element" library="SeleniumLibrary">
<arg>${FORGOT_PASS_HYPERLINK}</arg>
<doc>Verifies that element ``locator`` is found on the current page.</doc>
<msg timestamp="20220912 00:42:37.380" level="INFO">Current page contains element '//a[contains(text(),'Forgot password?')]'.</msg>
<status status="PASS" starttime="20220912 00:42:37.366" endtime="20220912 00:42:37.380"/>
</kw>
<kw name="Click Element" library="SeleniumLibrary">
<arg>${CLICK_SIGNIN_BTN}</arg>
<doc>Click the element identified by ``locator``.</doc>
<msg timestamp="20220912 00:42:37.381" level="INFO">Clicking element '//button[@value='login']'.</msg>
<status status="PASS" starttime="20220912 00:42:37.381" endtime="20220912 00:42:40.379"/>
</kw>
<kw name="Sleep" library="BuiltIn">
<arg>5</arg>
<doc>Pauses the test executed for the given time.</doc>
<msg timestamp="20220912 00:42:45.388" level="INFO">Slept 5 seconds</msg>
<status status="PASS" starttime="20220912 00:42:40.379" endtime="20220912 00:42:45.388"/>
</kw>
<status status="PASS" starttime="20220912 00:42:30.430" endtime="20220912 00:42:45.388"/>
</kw>
<kw name="Verify that Studies Search Resuelt is showing on display" library="SlideSharePage_002">
<kw name="Set Selenium Implicit Wait" library="SeleniumLibrary">
<arg>300</arg>
<doc>Sets the implicit wait value used by Selenium.</doc>
<status status="PASS" starttime="20220912 00:42:45.388" endtime="20220912 00:42:45.390"/>
</kw>
<kw name="Click Button" library="SeleniumLibrary">
<arg>${Close_Button}</arg>
<doc>Clicks the button identified by ``locator``.</doc>
<msg timestamp="20220912 00:42:45.390" level="INFO">Clicking button '(//button[contains(text(),'Close')])[1]'.</msg>
<status status="PASS" starttime="20220912 00:42:45.390" endtime="20220912 00:42:45.483"/>
</kw>
<kw name="Element Should Be Visible" library="SeleniumLibrary">
<arg>${Search_Field}</arg>
<doc>Verifies that the element identified by ``locator`` is visible.</doc>
<msg timestamp="20220912 00:42:45.518" level="INFO">Element '//input[@placeholder='Find Slides']' is displayed.</msg>
<status status="PASS" starttime="20220912 00:42:45.483" endtime="20220912 00:42:45.518"/>
</kw>
<kw name="Click Element" library="SeleniumLibrary">
<arg>${Search_Option_Dropdown}</arg>
<doc>Click the element identified by ``locator``.</doc>
<msg timestamp="20220912 00:42:45.519" level="INFO">Clicking element '(//div[@role='listbox'])[1]'.</msg>
<status status="PASS" starttime="20220912 00:42:45.519" endtime="20220912 00:42:45.585"/>
</kw>
<kw name="Click Element" library="SeleniumLibrary">
<arg>${Select_Slides}</arg>
<doc>Click the element identified by ``locator``.</doc>
<msg timestamp="20220912 00:42:45.587" level="INFO">Clicking element '//div[contains(text(),'Slides')]'.</msg>
<status status="PASS" starttime="20220912 00:42:45.586" endtime="20220912 00:42:45.652"/>
</kw>
<kw name="Input Text" library="SeleniumLibrary">
<arg>${Search_Field}</arg>
<arg>fjfjjjfjfj</arg>
<doc>Types the given ``text`` into the text field identified by ``locator``.</doc>
<msg timestamp="20220912 00:42:45.653" level="INFO">Typing text 'fjfjjjfjfj' into text field '//input[@placeholder='Find Slides']'.</msg>
<status status="PASS" starttime="20220912 00:42:45.652" endtime="20220912 00:42:45.794"/>
</kw>
<kw name="Sleep" library="BuiltIn">
<arg>20</arg>
<doc>Pauses the test executed for the given time.</doc>
<msg timestamp="20220912 00:43:05.803" level="INFO">Slept 20 seconds</msg>
<status status="PASS" starttime="20220912 00:42:45.794" endtime="20220912 00:43:05.803"/>
</kw>
<status status="PASS" starttime="20220912 00:42:45.388" endtime="20220912 00:43:05.803"/>
</kw>
<kw name="Close Browser" library="SeleniumLibrary">
<doc>Closes the current browser.</doc>
<status status="PASS" starttime="20220912 00:43:05.804" endtime="20220912 00:43:08.182"/>
</kw>
<status status="PASS" starttime="20220912 00:42:18.341" endtime="20220912 00:43:08.183"/>
</test>
<status status="PASS" starttime="20220912 00:42:18.309" endtime="20220912 00:43:08.186"/>
</suite>
<suite id="s1-s3" name="SlideSearchTest TC 003" source="D:\pharma\Tests\SlideSearch\SlideSearchTest_TC_003.robot">
<test id="s1-s3-t1" name="Verify Filter option is working" line="8">
<kw name="open my browser" library="LoginPage">
<kw name="Open Browser" library="SeleniumLibrary">
<arg>${SiteUrl}</arg>
<arg>${Browser}</arg>
<doc>Opens a new browser instance to the optional ``url``.</doc>
<msg timestamp="20220912 00:43:08.211" level="INFO">Opening browser 'chrome' to base url 'https://sandbox.jnjesm.com/'.</msg>
<status status="PASS" starttime="20220912 00:43:08.210" endtime="20220912 00:43:21.348"/>
</kw>
<kw name="Maximize Browser Window" library="SeleniumLibrary">
<doc>Maximizes current browser window.</doc>
<status status="PASS" starttime="20220912 00:43:21.348" endtime="20220912 00:43:24.680"/>
</kw>
<status status="PASS" starttime="20220912 00:43:08.210" endtime="20220912 00:43:24.681"/>
</kw>
<kw name="click signIn" library="LoginPage">
<kw name="Set Selenium Implicit Wait" library="SeleniumLibrary">
<arg>300</arg>
<doc>Sets the implicit wait value used by Selenium.</doc>
<status status="PASS" starttime="20220912 00:43:24.682" endtime="20220912 00:43:24.685"/>
</kw>
<kw name="Click Element" library="SeleniumLibrary">
<arg>${Authentication_Method}</arg>
<doc>Click the element identified by ``locator``.</doc>
<msg timestamp="20220912 00:43:24.687" level="INFO">Clicking element '//select[@name='scheme']'.</msg>
<status status="PASS" starttime="20220912 00:43:24.686" endtime="20220912 00:43:25.001"/>
</kw>
<kw name="Click Element" library="SeleniumLibrary">
<arg>${Select_Authentication_Method}</arg>
<doc>Click the element identified by ``locator``.</doc>
<msg timestamp="20220912 00:43:25.003" level="INFO">Clicking element '//option[contains(text(),'Non-J&amp;J')]'.</msg>
<status status="PASS" starttime="20220912 00:43:25.002" endtime="20220912 00:43:25.173"/>
</kw>
<kw name="Input Text" library="SeleniumLibrary">
<arg>${SET_EMAIL}</arg>
<arg>${user}</arg>
<doc>Types the given ``text`` into the text field identified by ``locator``.</doc>
<msg timestamp="20220912 00:43:25.175" level="INFO">Typing text 'ramin@rchsolutions.com' into text field '//input[@name='username']'.</msg>
<status status="PASS" starttime="20220912 00:43:25.174" endtime="20220912 00:43:25.472"/>
</kw>
<kw name="Page Should Contain Textfield" library="SeleniumLibrary">
<arg>${user}</arg>
<doc>Verifies text field ``locator`` is found from current page.</doc>
<msg timestamp="20220912 00:43:25.499" level="INFO">Current page contains text field 'ramin@rchsolutions.com'.</msg>
<status status="PASS" starttime="20220912 00:43:25.473" endtime="20220912 00:43:25.499"/>
</kw>
<kw name="Input Password" library="SeleniumLibrary">
<arg>${SET_PASS}</arg>
<arg>${password}</arg>
<doc>Types the given password into the text field identified by ``locator``.</doc>
<msg timestamp="20220912 00:43:25.500" level="INFO">Typing password into text field '//input[@name='password']'.</msg>
<msg timestamp="20220912 00:43:25.550" level="INFO">Temporally setting log level to: NONE</msg>
<msg timestamp="20220912 00:43:25.735" level="INFO">Log level changed from NONE to INFO.</msg>
<status status="PASS" starttime="20220912 00:43:25.499" endtime="20220912 00:43:25.735"/>
</kw>
<kw name="Page Should Contain Textfield" library="SeleniumLibrary">
<arg>${password}</arg>
<doc>Verifies text field ``locator`` is found from current page.</doc>
<msg timestamp="20220912 00:43:25.774" level="INFO">Current page contains text field 'Swamibapa2022@'.</msg>
<status status="PASS" starttime="20220912 00:43:25.735" endtime="20220912 00:43:25.774"/>
</kw>
<kw name="Page Should Contain Button" library="SeleniumLibrary">
<arg>${CLICK_SIGNIN_BTN}</arg>
<doc>Verifies button ``locator`` is found from current page.</doc>
<msg timestamp="20220912 00:43:25.823" level="INFO">Current page contains button '//button[@value='login']'.</msg>
<status status="PASS" starttime="20220912 00:43:25.774" endtime="20220912 00:43:25.823"/>
</kw>
<kw name="Page Should Contain Element" library="SeleniumLibrary">
<arg>${FORGOT_PASS_HYPERLINK}</arg>
<doc>Verifies that element ``locator`` is found on the current page.</doc>
<msg timestamp="20220912 00:43:25.840" level="INFO">Current page contains element '//a[contains(text(),'Forgot password?')]'.</msg>
<status status="PASS" starttime="20220912 00:43:25.823" endtime="20220912 00:43:25.841"/>
</kw>
<kw name="Click Element" library="SeleniumLibrary">
<arg>${CLICK_SIGNIN_BTN}</arg>
<doc>Click the element identified by ``locator``.</doc>
<msg timestamp="20220912 00:43:25.841" level="INFO">Clicking element '//button[@value='login']'.</msg>
<status status="PASS" starttime="20220912 00:43:25.841" endtime="20220912 00:43:28.876"/>
</kw>
<kw name="Sleep" library="BuiltIn">
<arg>5</arg>
<doc>Pauses the test executed for the given time.</doc>
<msg timestamp="20220912 00:43:33.889" level="INFO">Slept 5 seconds</msg>
<status status="PASS" starttime="20220912 00:43:28.876" endtime="20220912 00:43:33.891"/>
</kw>
<status status="PASS" starttime="20220912 00:43:24.681" endtime="20220912 00:43:33.893"/>
</kw>
<kw name=" Verify that after Select Advanced Search New Search page will open" library="SlideSharePage_003">
<kw name="Set Selenium Implicit Wait" library="SeleniumLibrary">
<arg>300</arg>
<doc>Sets the implicit wait value used by Selenium.</doc>
<status status="PASS" starttime="20220912 00:43:33.900" endtime="20220912 00:43:33.906"/>
</kw>
<kw name="Click Button" library="SeleniumLibrary">
<arg>${Close_Button}</arg>
<doc>Clicks the button identified by ``locator``.</doc>
<msg timestamp="20220912 00:43:33.907" level="INFO">Clicking button '(//button[contains(text(),'Close')])[1]'.</msg>
<status status="PASS" starttime="20220912 00:43:33.906" endtime="20220912 00:43:34.000"/>
</kw>
<kw name="Element Should Be Visible" library="SeleniumLibrary">
<arg>${Search_Field}</arg>
<doc>Verifies that the element identified by ``locator`` is visible.</doc>
<msg timestamp="20220912 00:43:34.039" level="INFO">Element '//input[@placeholder='Find Slides']' is displayed.</msg>
<status status="PASS" starttime="20220912 00:43:34.000" endtime="20220912 00:43:34.039"/>
</kw>
<kw name="Click Element" library="SeleniumLibrary">
<arg>${Select_Slides}</arg>
<doc>Click the element identified by ``locator``.</doc>
<msg timestamp="20220912 00:43:34.039" level="INFO">Clicking element '//div[contains(text(),'Slides')]'.</msg>
<status status="PASS" starttime="20220912 00:43:34.039" endtime="20220912 00:43:34.106"/>
</kw>
<kw name="Click Element" library="SeleniumLibrary">
<arg>${Select_Advanced_Search}</arg>
<doc>Click the element identified by ``locator``.</doc>
<msg timestamp="20220912 00:43:34.107" level="INFO">Clicking element '//a[@href='/s/search']'.</msg>
<status status="PASS" starttime="20220912 00:43:34.107" endtime="20220912 00:43:36.608"/>
</kw>
<kw name="Sleep" library="BuiltIn">
<arg>20</arg>
<doc>Pauses the test executed for the given time.</doc>
<msg timestamp="20220912 00:43:56.620" level="INFO">Slept 20 seconds</msg>
<status status="PASS" starttime="20220912 00:43:36.608" endtime="20220912 00:43:56.620"/>
</kw>
<status status="PASS" starttime="20220912 00:43:33.899" endtime="20220912 00:43:56.620"/>
</kw>
<kw name="Close Browser" library="SeleniumLibrary">
<doc>Closes the current browser.</doc>
<status status="PASS" starttime="20220912 00:43:56.621" endtime="20220912 00:43:59.028"/>
</kw>
<status status="PASS" starttime="20220912 00:43:08.210" endtime="20220912 00:43:59.028"/>
</test>
<status status="PASS" starttime="20220912 00:43:08.189" endtime="20220912 00:43:59.030"/>
</suite>
<suite id="s1-s4" name="SlideSearchTest TC 004" source="D:\pharma\Tests\SlideSearch\SlideSearchTest_TC_004.robot">
<test id="s1-s4-t1" name="Verify Filter option is working" line="8">
<kw name="open my browser" library="LoginPage">
<kw name="Open Browser" library="SeleniumLibrary">
<arg>${SiteUrl}</arg>
<arg>${Browser}</arg>
<doc>Opens a new browser instance to the optional ``url``.</doc>
<msg timestamp="20220912 00:43:59.068" level="INFO">Opening browser 'chrome' to base url 'https://sandbox.jnjesm.com/'.</msg>
<status status="PASS" starttime="20220912 00:43:59.066" endtime="20220912 00:44:10.615"/>
</kw>
<kw name="Maximize Browser Window" library="SeleniumLibrary">
<doc>Maximizes current browser window.</doc>
<status status="PASS" starttime="20220912 00:44:10.616" endtime="20220912 00:44:13.845"/>
</kw>
<status status="PASS" starttime="20220912 00:43:59.063" endtime="20220912 00:44:13.845"/>
</kw>
<kw name="click signIn" library="LoginPage">
<kw name="Set Selenium Implicit Wait" library="SeleniumLibrary">
<arg>300</arg>
<doc>Sets the implicit wait value used by Selenium.</doc>
<status status="PASS" starttime="20220912 00:44:13.849" endtime="20220912 00:44:13.856"/>
</kw>
<kw name="Click Element" library="SeleniumLibrary">
<arg>${Authentication_Method}</arg>
<doc>Click the element identified by ``locator``.</doc>
<msg timestamp="20220912 00:44:13.857" level="INFO">Clicking element '//select[@name='scheme']'.</msg>
<status status="PASS" starttime="20220912 00:44:13.856" endtime="20220912 00:44:14.136"/>
</kw>
<kw name="Click Element" library="SeleniumLibrary">
<arg>${Select_Authentication_Method}</arg>
<doc>Click the element identified by ``locator``.</doc>
<msg timestamp="20220912 00:44:14.137" level="INFO">Clicking element '//option[contains(text(),'Non-J&amp;J')]'.</msg>
<status status="PASS" starttime="20220912 00:44:14.137" endtime="20220912 00:44:14.332"/>
</kw>
<kw name="Input Text" library="SeleniumLibrary">
<arg>${SET_EMAIL}</arg>
<arg>${user}</arg>
<doc>Types the given ``text`` into the text field identified by ``locator``.</doc>
<msg timestamp="20220912 00:44:14.333" level="INFO">Typing text 'ramin@rchsolutions.com' into text field '//input[@name='username']'.</msg>
<status status="PASS" starttime="20220912 00:44:14.333" endtime="20220912 00:44:14.685"/>
</kw>
<kw name="Page Should Contain Textfield" library="SeleniumLibrary">
<arg>${user}</arg>
<doc>Verifies text field ``locator`` is found from current page.</doc>
<msg timestamp="20220912 00:44:14.712" level="INFO">Current page contains text field 'ramin@rchsolutions.com'.</msg>
<status status="PASS" starttime="20220912 00:44:14.686" endtime="20220912 00:44:14.712"/>
</kw>
<kw name="Input Password" library="SeleniumLibrary">
<arg>${SET_PASS}</arg>
<arg>${password}</arg>
<doc>Types the given password into the text field identified by ``locator``.</doc>
<msg timestamp="20220912 00:44:14.714" level="INFO">Typing password into text field '//input[@name='password']'.</msg>
<msg timestamp="20220912 00:44:14.788" level="INFO">Temporally setting log level to: NONE</msg>
<msg timestamp="20220912 00:44:14.946" level="INFO">Log level changed from NONE to INFO.</msg>
<status status="PASS" starttime="20220912 00:44:14.713" endtime="20220912 00:44:14.946"/>
</kw>
<kw name="Page Should Contain Textfield" library="SeleniumLibrary">
<arg>${password}</arg>
<doc>Verifies text field ``locator`` is found from current page.</doc>
<msg timestamp="20220912 00:44:14.971" level="INFO">Current page contains text field 'Swamibapa2022@'.</msg>
<status status="PASS" starttime="20220912 00:44:14.946" endtime="20220912 00:44:14.971"/>
</kw>
<kw name="Page Should Contain Button" library="SeleniumLibrary">
<arg>${CLICK_SIGNIN_BTN}</arg>
<doc>Verifies button ``locator`` is found from current page.</doc>
<msg timestamp="20220912 00:44:15.026" level="INFO">Current page contains button '//button[@value='login']'.</msg>
<status status="PASS" starttime="20220912 00:44:14.971" endtime="20220912 00:44:15.026"/>
</kw>
<kw name="Page Should Contain Element" library="SeleniumLibrary">
<arg>${FORGOT_PASS_HYPERLINK}</arg>
<doc>Verifies that element ``locator`` is found on the current page.</doc>
<msg timestamp="20220912 00:44:15.046" level="INFO">Current page contains element '//a[contains(text(),'Forgot password?')]'.</msg>
<status status="PASS" starttime="20220912 00:44:15.026" endtime="20220912 00:44:15.046"/>
</kw>
<kw name="Click Element" library="SeleniumLibrary">
<arg>${CLICK_SIGNIN_BTN}</arg>
<doc>Click the element identified by ``locator``.</doc>
<msg timestamp="20220912 00:44:15.047" level="INFO">Clicking element '//button[@value='login']'.</msg>
<status status="PASS" starttime="20220912 00:44:15.046" endtime="20220912 00:44:15.652"/>
</kw>
<kw name="Sleep" library="BuiltIn">
<arg>5</arg>
<doc>Pauses the test executed for the given time.</doc>
<msg timestamp="20220912 00:44:20.668" level="INFO">Slept 5 seconds</msg>
<status status="PASS" starttime="20220912 00:44:15.652" endtime="20220912 00:44:20.668"/>
</kw>
<status status="PASS" starttime="20220912 00:44:13.849" endtime="20220912 00:44:20.668"/>
</kw>
<kw name="Verify that the Serch option radio button is working properly" library="SlideSearchPage_004">
<kw name="Set Selenium Implicit Wait" library="SeleniumLibrary">
<arg>300</arg>
<doc>Sets the implicit wait value used by Selenium.</doc>
<status status="PASS" starttime="20220912 00:44:20.669" endtime="20220912 00:44:20.671"/>
</kw>
<kw name="Click Button" library="SeleniumLibrary">
<arg>${Close_Button}</arg>
<doc>Clicks the button identified by ``locator``.</doc>
<msg timestamp="20220912 00:44:20.672" level="INFO">Clicking button '(//button[contains(text(),'Close')])[1]'.</msg>
<msg timestamp="20220912 00:44:22.907" level="WARN">Keyword 'Capture Page Screenshot' could not be run on failure: Message: no such window: target window already closed
from unknown error: web view not found
  (Session info: chrome=105.0.5195.102)
Stacktrace:
Backtrace:
	Ordinal0 [0x0088DF13+2219795]
	Ordinal0 [0x00822841+1779777]
	Ordinal0 [0x0073423D+803389]
	Ordinal0 [0x0071C70A+706314]
	Ordinal0 [0x00781502+1119490]
	Ordinal0 [0x0078E8FA+1173754]
	Ordinal0 [0x0077E616+1107478]
	Ordinal0 [0x00757F89+950153]
	Ordinal0 [0x00758F56+954198]
	GetHandleVerifier [0x00B82CB2+3040210]
	GetHandleVerifier [0x00B72BB4+2974420]
	GetHandleVerifier [0x00926A0A+565546]
	GetHandleVerifier [0x00925680+560544]
	Ordinal0 [0x00829A5C+1808988]
	Ordinal0 [0x0082E3A8+1827752]
	Ordinal0 [0x0082E495+1827989]
	Ordinal0 [0x008380A4+1867940]
	BaseThreadInitThunk [0x7630FA29+25]
	RtlGetAppContainerNamedObjectPath [0x774A7A9E+286]
	RtlGetAppContainerNamedObjectPath [0x774A7A6E+238]
</msg>
<msg timestamp="20220912 00:44:22.964" level="FAIL">NoSuchWindowException: Message: no such window: target window already closed
from unknown error: web view not found
  (Session info: chrome=105.0.5195.102)
Stacktrace:
Backtrace:
	Ordinal0 [0x0088DF13+2219795]
	Ordinal0 [0x00822841+1779777]
	Ordinal0 [0x0073423D+803389]
	Ordinal0 [0x0071C70A+706314]
	Ordinal0 [0x00781502+1119490]
	Ordinal0 [0x0078E8FA+1173754]
	Ordinal0 [0x0077E616+1107478]
	Ordinal0 [0x00757F89+950153]
	Ordinal0 [0x00758F56+954198]
	GetHandleVerifier [0x00B82CB2+3040210]
	GetHandleVerifier [0x00B72BB4+2974420]
	GetHandleVerifier [0x00926A0A+565546]
	GetHandleVerifier [0x00925680+560544]
	Ordinal0 [0x00829A5C+1808988]
	Ordinal0 [0x0082E3A8+1827752]
	Ordinal0 [0x0082E495+1827989]
	Ordinal0 [0x008380A4+1867940]
	BaseThreadInitThunk [0x7630FA29+25]
	RtlGetAppContainerNamedObjectPath [0x774A7A9E+286]
	RtlGetAppContainerNamedObjectPath [0x774A7A6E+238]
</msg>
<status status="FAIL" starttime="20220912 00:44:20.671" endtime="20220912 00:44:23.048"/>
</kw>
<kw name="Element Should Be Visible" library="SeleniumLibrary">
<arg>${Search_Field}</arg>
<doc>Verifies that the element identified by ``locator`` is visible.</doc>
<status status="NOT RUN" starttime="20220912 00:44:23.049" endtime="20220912 00:44:23.049"/>
</kw>
<kw name="Click Element" library="SeleniumLibrary">
<arg>${Select_Slides}</arg>
<doc>Click the element identified by ``locator``.</doc>
<status status="NOT RUN" starttime="20220912 00:44:23.049" endtime="20220912 00:44:23.049"/>
</kw>
<kw name="Click Element" library="SeleniumLibrary">
<arg>${Select_Advanced_Search}</arg>
<doc>Click the element identified by ``locator``.</doc>
<status status="NOT RUN" starttime="20220912 00:44:23.050" endtime="20220912 00:44:23.050"/>
</kw>
<kw name="Click Element" library="SeleniumLibrary">
<arg>${Dismiss_Button}</arg>
<doc>Click the element identified by ``locator``.</doc>
<status status="NOT RUN" starttime="20220912 00:44:23.051" endtime="20220912 00:44:23.051"/>
</kw>
<kw name="Element Should Be Visible" library="SeleniumLibrary">
<arg>${Search_For_The_Slides}</arg>
<doc>Verifies that the element identified by ``locator`` is visible.</doc>
<status status="NOT RUN" starttime="20220912 00:44:23.051" endtime="20220912 00:44:23.051"/>
</kw>
<kw name="Page Should Contain Element" library="SeleniumLibrary">
<arg>${Studies_Radio_Button}</arg>
<doc>Verifies that element ``locator`` is found on the current page.</doc>
<status status="NOT RUN" starttime="20220912 00:44:23.052" endtime="20220912 00:44:23.052"/>
</kw>
<kw name="Click Element" library="SeleniumLibrary">
<arg>${Studies_Radio_Button}</arg>
<doc>Click the element identified by ``locator``.</doc>
<status status="NOT RUN" starttime="20220912 00:44:23.052" endtime="20220912 00:44:23.052"/>
</kw>
<kw name="Sleep" library="BuiltIn">
<arg>3</arg>
<doc>Pauses the test executed for the given time.</doc>
<status status="NOT RUN" starttime="20220912 00:44:23.053" endtime="20220912 00:44:23.053"/>
</kw>
<status status="FAIL" starttime="20220912 00:44:20.669" endtime="20220912 00:44:23.054"/>
</kw>
<kw name="Close Browser" library="SeleniumLibrary">
<doc>Closes the current browser.</doc>
<status status="NOT RUN" starttime="20220912 00:44:23.056" endtime="20220912 00:44:23.056"/>
</kw>
<status status="FAIL" starttime="20220912 00:43:59.060" endtime="20220912 00:44:23.058">NoSuchWindowException: Message: no such window: target window already closed
from unknown error: web view not found
  (Session info: chrome=105.0.5195.102)
Stacktrace:
Backtrace:
	Ordinal0 [0x0088DF13+2219795]
	Ordinal0 [0x00822841+1779777]
	Ordinal0 [0x0073423D+803389]
	Ordinal0 [0x0071C70A+706314]
	Ordinal0 [0x00781502+1119490]
	Ordinal0 [0x0078E8FA+1173754]
	Ordinal0 [0x0077E616+1107478]
	Ordinal0 [0x00757F89+950153]
	Ordinal0 [0x00758F56+954198]
	GetHandleVerifier [0x00B82CB2+3040210]
	GetHandleVerifier [0x00B72BB4+2974420]
	GetHandleVerifier [0x00926A0A+565546]
	GetHandleVerifier [0x00925680+560544]
	Ordinal0 [0x00829A5C+1808988]
	Ordinal0 [0x0082E3A8+1827752]
	Ordinal0 [0x0082E495+1827989]
	Ordinal0 [0x008380A4+1867940]
	BaseThreadInitThunk [0x7630FA29+25]
	RtlGetAppContainerNamedObjectPath [0x774A7A9E+286]
	RtlGetAppContainerNamedObjectPath [0x774A7A6E+238]
</status>
</test>
<status status="FAIL" starttime="20220912 00:43:59.032" endtime="20220912 00:44:23.081"/>
</suite>
<suite id="s1-s5" name="SlideSearchTest TC 005" source="D:\pharma\Tests\SlideSearch\SlideSearchTest_TC_005.robot">
<test id="s1-s5-t1" name="Verify Filter option is working" line="8">
<kw name="open my browser" library="LoginPage">
<kw name="Open Browser" library="SeleniumLibrary">
<arg>${SiteUrl}</arg>
<arg>${Browser}</arg>
<doc>Opens a new browser instance to the optional ``url``.</doc>
<msg timestamp="20220912 00:44:23.178" level="INFO">Opening browser 'chrome' to base url 'https://sandbox.jnjesm.com/'.</msg>
<msg timestamp="20220912 00:44:31.354" level="WARN">Retrying (Retry(total=2, connect=None, read=None, redirect=None, status=None)) after connection broken by 'NewConnectionError('&lt;urllib3.connection.HTTPConnection object at 0x0000023E85FFA850&gt;: Failed to establish a new connection: [WinError 10061] No connection could be made because the target machine actively refused it')': /session/f348aaafbf80d6b01054091871e38c3a/screenshot</msg>
<errors>
<msg timestamp="20220912 00:44:22.907" level="WARN">Keyword 'Capture Page Screenshot' could not be run on failure: Message: no such window: target window already closed
from unknown error: web view not found
  (Session info: chrome=105.0.5195.102)
Stacktrace:
Backtrace:
	Ordinal0 [0x0088DF13+2219795]
	Ordinal0 [0x00822841+1779777]
	Ordinal0 [0x0073423D+803389]
	Ordinal0 [0x0071C70A+706314]
	Ordinal0 [0x00781502+1119490]
	Ordinal0 [0x0078E8FA+1173754]
	Ordinal0 [0x0077E616+1107478]
	Ordinal0 [0x00757F89+950153]
	Ordinal0 [0x00758F56+954198]
	GetHandleVerifier [0x00B82CB2+3040210]
	GetHandleVerifier [0x00B72BB4+2974420]
	GetHandleVerifier [0x00926A0A+565546]
	GetHandleVerifier [0x00925680+560544]
	Ordinal0 [0x00829A5C+1808988]
	Ordinal0 [0x0082E3A8+1827752]
	Ordinal0 [0x0082E495+1827989]
	Ordinal0 [0x008380A4+1867940]
	BaseThreadInitThunk [0x7630FA29+25]
	RtlGetAppContainerNamedObjectPath [0x774A7A9E+286]
	RtlGetAppContainerNamedObjectPath [0x774A7A6E+238]
</msg>
<msg timestamp="20220912 00:44:31.354" level="WARN">Retrying (Retry(total=2, connect=None, read=None, redirect=None, status=None)) after connection broken by 'NewConnectionError('&lt;urllib3.connection.HTTPConnection object at 0x0000023E85FFA850&gt;: Failed to establish a new connection: [WinError 10061] No connection could be made because the target machine actively refused it')': /session/f348aaafbf80d6b01054091871e38c3a/screenshot</msg>
<msg timestamp="20220912 00:44:35.423" level="ERROR">Execution stopped by user.</msg>
</errors>
</robot>
