<?xml version="1.0" encoding="UTF-8"?>
<robot generator="Robot 5.0.1 (Python 3.8.10 on win32)" generated="20220830 23:06:58.638" rpa="false" schemaversion="3">
<suite id="s1" name="Login" source="D:\Freelancing\pharma\Tests\Login">
<suite id="s1-s1" name="LoginTests TC 001" source="D:\Freelancing\pharma\Tests\Login\LoginTests_TC_001.robot">
<test id="s1-s1-t1" name="Login" line="6">
<kw name="open my browser" library="LoginPage">
<kw name="Open Browser" library="SeleniumLibrary">
<arg>${SiteUrl}</arg>
<arg>${Browser}</arg>
<doc>Opens a new browser instance to the optional ``url``.</doc>
<msg timestamp="20220830 23:06:58.982" level="INFO">Opening browser 'chrome' to base url 'https://sandbox.jnjesm.com/'.</msg>
<status status="PASS" starttime="20220830 23:06:58.982" endtime="20220830 23:08:09.682"/>
</kw>
<kw name="Maximize Browser Window" library="SeleniumLibrary">
<doc>Maximizes current browser window.</doc>
<status status="PASS" starttime="20220830 23:08:09.682" endtime="20220830 23:08:35.428"/>
</kw>
<status status="PASS" starttime="20220830 23:06:58.982" endtime="20220830 23:08:35.428"/>
</kw>
<kw name="Close Browser" library="SeleniumLibrary">
<doc>Closes the current browser.</doc>
<status status="PASS" starttime="20220830 23:08:35.428" endtime="20220830 23:08:37.616"/>
</kw>
<status status="PASS" starttime="20220830 23:06:58.982" endtime="20220830 23:08:37.617"/>
</test>
<status status="PASS" starttime="20220830 23:06:58.669" endtime="20220830 23:08:37.619"/>
</suite>
<suite id="s1-s2" name="LoginTests TC 002" source="D:\Freelancing\pharma\Tests\Login\LoginTests_TC_002.robot">
<test id="s1-s2-t1" name="Login" line="6">
<kw name="open my browser" library="LoginPage">
<kw name="Open Browser" library="SeleniumLibrary">
<arg>${SiteUrl}</arg>
<arg>${Browser}</arg>
<doc>Opens a new browser instance to the optional ``url``.</doc>
<msg timestamp="20220830 23:08:37.635" level="INFO">Opening browser 'chrome' to base url 'https://sandbox.jnjesm.com/'.</msg>
<status status="PASS" starttime="20220830 23:08:37.634" endtime="20220830 23:10:40.223"/>
</kw>
<kw name="Maximize Browser Window" library="SeleniumLibrary">
<doc>Maximizes current browser window.</doc>
<status status="PASS" starttime="20220830 23:10:40.223" endtime="20220830 23:11:47.753"/>
</kw>
<status status="PASS" starttime="20220830 23:08:37.633" endtime="20220830 23:11:47.753"/>
</kw>
<kw name="click signIn" library="LoginPage">
<kw name="Set Selenium Implicit Wait" library="SeleniumLibrary">
<arg>300</arg>
<doc>Sets the implicit wait value used by Selenium.</doc>
<status status="PASS" starttime="20220830 23:11:47.753" endtime="20220830 23:11:47.753"/>
</kw>
<kw name="Click Element" library="SeleniumLibrary">
<arg>${Authentication_Method}</arg>
<doc>Click the element identified by ``locator``.</doc>
<msg timestamp="20220830 23:11:47.769" level="INFO">Clicking element '//select[@name='scheme']'.</msg>
<status status="PASS" starttime="20220830 23:11:47.769" endtime="20220830 23:11:48.745"/>
</kw>
<kw name="Click Element" library="SeleniumLibrary">
<arg>${Select_Authentication_Method}</arg>
<doc>Click the element identified by ``locator``.</doc>
<msg timestamp="20220830 23:11:48.747" level="INFO">Clicking element '//option[contains(text(),'Non-J&amp;J')]'.</msg>
<status status="PASS" starttime="20220830 23:11:48.746" endtime="20220830 23:11:48.821"/>
</kw>
<kw name="Input Text" library="SeleniumLibrary">
<arg>${SET_EMAIL}</arg>
<arg>${user}</arg>
<doc>Types the given ``text`` into the text field identified by ``locator``.</doc>
<msg timestamp="20220830 23:11:48.825" level="INFO">Typing text 'ramin@rchsolutions.com' into text field '//input[@name='username']'.</msg>
<status status="PASS" starttime="20220830 23:11:48.824" endtime="20220830 23:11:49.054"/>
</kw>
<kw name="Page Should Contain Textfield" library="SeleniumLibrary">
<arg>${user}</arg>
<doc>Verifies text field ``locator`` is found from current page.</doc>
<msg timestamp="20220830 23:11:49.075" level="INFO">Current page contains text field 'ramin@rchsolutions.com'.</msg>
<status status="PASS" starttime="20220830 23:11:49.054" endtime="20220830 23:11:49.075"/>
</kw>
<kw name="Input Password" library="SeleniumLibrary">
<arg>${SET_PASS}</arg>
<arg>${password}</arg>
<doc>Types the given password into the text field identified by ``locator``.</doc>
<msg timestamp="20220830 23:11:49.076" level="INFO">Typing password into text field '//input[@name='password']'.</msg>
<msg timestamp="20220830 23:11:49.124" level="INFO">Temporally setting log level to: NONE</msg>
<msg timestamp="20220830 23:11:49.231" level="INFO">Log level changed from NONE to INFO.</msg>
<status status="PASS" starttime="20220830 23:11:49.076" endtime="20220830 23:11:49.232"/>
</kw>
<kw name="Page Should Contain Textfield" library="SeleniumLibrary">
<arg>${password}</arg>
<doc>Verifies text field ``locator`` is found from current page.</doc>
<msg timestamp="20220830 23:11:49.249" level="INFO">Current page contains text field 'Swamibapa2022@'.</msg>
<status status="PASS" starttime="20220830 23:11:49.232" endtime="20220830 23:11:49.249"/>
</kw>
<kw name="Page Should Contain Button" library="SeleniumLibrary">
<arg>${CLICK_SIGNIN_BTN}</arg>
<doc>Verifies button ``locator`` is found from current page.</doc>
<msg timestamp="20220830 23:11:49.286" level="INFO">Current page contains button '//button[@value='login']'.</msg>
<status status="PASS" starttime="20220830 23:11:49.249" endtime="20220830 23:11:49.286"/>
</kw>
<kw name="Page Should Contain Element" library="SeleniumLibrary">
<arg>${FORGOT_PASS_HYPERLINK}</arg>
<doc>Verifies that element ``locator`` is found on the current page.</doc>
<msg timestamp="20220830 23:11:49.300" level="INFO">Current page contains element '//a[contains(text(),'Forgot password?')]'.</msg>
<status status="PASS" starttime="20220830 23:11:49.287" endtime="20220830 23:11:49.300"/>
</kw>
<kw name="Click Element" library="SeleniumLibrary">
<arg>${CLICK_SIGNIN_BTN}</arg>
<doc>Click the element identified by ``locator``.</doc>
<msg timestamp="20220830 23:11:49.300" level="INFO">Clicking element '//button[@value='login']'.</msg>
<status status="PASS" starttime="20220830 23:11:49.300" endtime="20220830 23:11:58.198"/>
</kw>
<kw name="Sleep" library="BuiltIn">
<arg>5</arg>
<doc>Pauses the test executed for the given time.</doc>
<msg timestamp="20220830 23:12:03.201" level="INFO">Slept 5 seconds</msg>
<status status="PASS" starttime="20220830 23:11:58.199" endtime="20220830 23:12:03.201"/>
</kw>
<status status="PASS" starttime="20220830 23:11:47.753" endtime="20220830 23:12:03.202"/>
</kw>
<kw name="Close Browser" library="SeleniumLibrary">
<doc>Closes the current browser.</doc>
<status status="PASS" starttime="20220830 23:12:03.202" endtime="20220830 23:12:05.370"/>
</kw>
<status status="PASS" starttime="20220830 23:08:37.631" endtime="20220830 23:12:05.370"/>
</test>
<status status="PASS" starttime="20220830 23:08:37.621" endtime="20220830 23:12:05.370"/>
</suite>
<status status="PASS" starttime="20220830 23:06:58.638" endtime="20220830 23:12:05.370"/>
</suite>
<statistics>
<total>
<stat pass="2" fail="0" skip="0">All Tests</stat>
</total>
<tag>
</tag>
<suite>
<stat pass="2" fail="0" skip="0" id="s1" name="Login">Login</stat>
<stat pass="1" fail="0" skip="0" id="s1-s1" name="LoginTests TC 001">Login.LoginTests TC 001</stat>
<stat pass="1" fail="0" skip="0" id="s1-s2" name="LoginTests TC 002">Login.LoginTests TC 002</stat>
</suite>
</statistics>
<errors>
</errors>
</robot>
