<?xml version="1.0" encoding="UTF-8"?>
<robot generator="Robot 5.0.1 (Python 3.8.10 on win32)" generated="20220902 11:53:06.422" rpa="false" schemaversion="3">
<suite id="s1" name="LoginTests TC 007" source="D:\Freelancing\pharma\Tests\Login\LoginTests_TC_007.robot">
<test id="s1-t1" name="Verify that forget password hyperlink is working" line="6">
<kw name="open my browser" library="LoginPage_TC_007">
<kw name="Open Browser" library="SeleniumLibrary">
<arg>${SiteUrl}</arg>
<arg>${Browser}</arg>
<doc>Opens a new browser instance to the optional ``url``.</doc>
<msg timestamp="20220902 11:53:06.751" level="INFO">Opening browser 'chrome' to base url 'https://sandbox.jnjesm.com/'.</msg>
<status status="PASS" starttime="20220902 11:53:06.751" endtime="20220902 11:53:33.094"/>
</kw>
<kw name="Maximize Browser Window" library="SeleniumLibrary">
<doc>Maximizes current browser window.</doc>
<status status="PASS" starttime="20220902 11:53:33.095" endtime="20220902 11:53:33.279"/>
</kw>
<status status="PASS" starttime="20220902 11:53:06.751" endtime="20220902 11:53:33.279"/>
</kw>
<kw name="Verify that forget password hyperlink is working" library="LoginPage_TC_007">
<kw name="Set Selenium Implicit Wait" library="SeleniumLibrary">
<arg>300</arg>
<doc>Sets the implicit wait value used by Selenium.</doc>
<status status="PASS" starttime="20220902 11:53:33.279" endtime="20220902 11:53:33.279"/>
</kw>
<kw name="Click Element" library="SeleniumLibrary">
<arg>${Authentication_Method}</arg>
<doc>Click the element identified by ``locator``.</doc>
<msg timestamp="20220902 11:53:33.279" level="INFO">Clicking element '//select[@name='scheme']'.</msg>
<status status="PASS" starttime="20220902 11:53:33.279" endtime="20220902 11:53:41.199"/>
</kw>
<kw name="Click Element" library="SeleniumLibrary">
<arg>${Select_Authentication_Method}</arg>
<doc>Click the element identified by ``locator``.</doc>
<msg timestamp="20220902 11:53:41.200" level="INFO">Clicking element '//option[contains(text(),'Non-J&amp;J')]'.</msg>
<status status="PASS" starttime="20220902 11:53:41.199" endtime="20220902 11:53:41.289"/>
</kw>
<kw name="Click Element" library="SeleniumLibrary">
<arg>${FORGOT_PASS_HYPERLINK}</arg>
<doc>Click the element identified by ``locator``.</doc>
<msg timestamp="20220902 11:53:41.290" level="INFO">Clicking element '//a[contains(text(),'Forgot password?')]'.</msg>
<status status="PASS" starttime="20220902 11:53:41.289" endtime="20220902 11:53:43.932"/>
</kw>
<kw name="Page Should Contain Element" library="SeleniumLibrary">
<arg>${Username}</arg>
<doc>Verifies that element ``locator`` is found on the current page.</doc>
<msg timestamp="20220902 11:53:43.953" level="INFO">Current page contains element 'Username'.</msg>
<status status="PASS" starttime="20220902 11:53:43.932" endtime="20220902 11:53:43.953"/>
</kw>
<kw name="Page Should Contain Element" library="SeleniumLibrary">
<arg>${Send_Email}</arg>
<doc>Verifies that element ``locator`` is found on the current page.</doc>
<msg timestamp="20220902 11:53:43.969" level="INFO">Current page contains element '//button[contains(text(),'Send email')]'.</msg>
<status status="PASS" starttime="20220902 11:53:43.953" endtime="20220902 11:53:43.969"/>
</kw>
<kw name="Sleep" library="BuiltIn">
<arg>5</arg>
<doc>Pauses the test executed for the given time.</doc>
<msg timestamp="20220902 11:53:48.978" level="INFO">Slept 5 seconds</msg>
<status status="PASS" starttime="20220902 11:53:43.969" endtime="20220902 11:53:48.978"/>
</kw>
<status status="PASS" starttime="20220902 11:53:33.279" endtime="20220902 11:53:48.979"/>
</kw>
<kw name="Close Browser" library="SeleniumLibrary">
<doc>Closes the current browser.</doc>
<status status="PASS" starttime="20220902 11:53:48.979" endtime="20220902 11:53:51.722"/>
</kw>
<status status="PASS" starttime="20220902 11:53:06.751" endtime="20220902 11:53:51.727"/>
</test>
<status status="PASS" starttime="20220902 11:53:06.422" endtime="20220902 11:53:51.729"/>
</suite>
<statistics>
<total>
<stat pass="1" fail="0" skip="0">All Tests</stat>
</total>
<tag>
</tag>
<suite>
<stat pass="1" fail="0" skip="0" id="s1" name="LoginTests TC 007">LoginTests TC 007</stat>
</suite>
</statistics>
<errors>
</errors>
</robot>
