<?xml version="1.0" encoding="UTF-8"?>
<robot generator="Robot 5.0.1 (Python 3.8.10 on win32)" generated="20220902 12:43:31.815" rpa="false" schemaversion="3">
<suite id="s1" name="AnalysisQueue TC 005" source="D:\Freelancing\pharma\Tests\AnalysisQueue\AnalysisQueue_TC_005.robot">
<test id="s1-t1" name="Verify Filter option is working" line="8">
<kw name="open my browser" library="LoginPage">
<kw name="Open Browser" library="SeleniumLibrary">
<arg>${SiteUrl}</arg>
<arg>${Browser}</arg>
<doc>Opens a new browser instance to the optional ``url``.</doc>
<msg timestamp="20220902 12:43:32.164" level="INFO">Opening browser 'chrome' to base url 'https://sandbox.jnjesm.com/'.</msg>
<status status="PASS" starttime="20220902 12:43:32.164" endtime="20220902 12:43:56.287"/>
</kw>
<kw name="Maximize Browser Window" library="SeleniumLibrary">
<doc>Maximizes current browser window.</doc>
<status status="PASS" starttime="20220902 12:43:56.287" endtime="20220902 12:44:03.190"/>
</kw>
<status status="PASS" starttime="20220902 12:43:32.163" endtime="20220902 12:44:03.191"/>
</kw>
<kw name="click signIn" library="LoginPage">
<kw name="Set Selenium Implicit Wait" library="SeleniumLibrary">
<arg>300</arg>
<doc>Sets the implicit wait value used by Selenium.</doc>
<status status="PASS" starttime="20220902 12:44:03.193" endtime="20220902 12:44:03.196"/>
</kw>
<kw name="Click Element" library="SeleniumLibrary">
<arg>${Authentication_Method}</arg>
<doc>Click the element identified by ``locator``.</doc>
<msg timestamp="20220902 12:44:03.197" level="INFO">Clicking element '//select[@name='scheme']'.</msg>
<status status="PASS" starttime="20220902 12:44:03.196" endtime="20220902 12:44:03.424"/>
</kw>
<kw name="Click Element" library="SeleniumLibrary">
<arg>${Select_Authentication_Method}</arg>
<doc>Click the element identified by ``locator``.</doc>
<msg timestamp="20220902 12:44:03.426" level="INFO">Clicking element '//option[contains(text(),'Non-J&amp;J')]'.</msg>
<status status="PASS" starttime="20220902 12:44:03.424" endtime="20220902 12:44:03.584"/>
</kw>
<kw name="Input Text" library="SeleniumLibrary">
<arg>${SET_EMAIL}</arg>
<arg>${user}</arg>
<doc>Types the given ``text`` into the text field identified by ``locator``.</doc>
<msg timestamp="20220902 12:44:03.586" level="INFO">Typing text 'ramin@rchsolutions.com' into text field '//input[@name='username']'.</msg>
<status status="PASS" starttime="20220902 12:44:03.584" endtime="20220902 12:44:03.841"/>
</kw>
<kw name="Page Should Contain Textfield" library="SeleniumLibrary">
<arg>${user}</arg>
<doc>Verifies text field ``locator`` is found from current page.</doc>
<msg timestamp="20220902 12:44:03.875" level="INFO">Current page contains text field 'ramin@rchsolutions.com'.</msg>
<status status="PASS" starttime="20220902 12:44:03.842" endtime="20220902 12:44:03.876"/>
</kw>
<kw name="Input Password" library="SeleniumLibrary">
<arg>${SET_PASS}</arg>
<arg>${password}</arg>
<doc>Types the given password into the text field identified by ``locator``.</doc>
<msg timestamp="20220902 12:44:03.879" level="INFO">Typing password into text field '//input[@name='password']'.</msg>
<msg timestamp="20220902 12:44:04.175" level="INFO">Temporally setting log level to: NONE</msg>
<msg timestamp="20220902 12:44:04.388" level="INFO">Log level changed from NONE to INFO.</msg>
<status status="PASS" starttime="20220902 12:44:03.876" endtime="20220902 12:44:04.388"/>
</kw>
<kw name="Page Should Contain Textfield" library="SeleniumLibrary">
<arg>${password}</arg>
<doc>Verifies text field ``locator`` is found from current page.</doc>
<msg timestamp="20220902 12:44:04.410" level="INFO">Current page contains text field 'Swamibapa2022@'.</msg>
<status status="PASS" starttime="20220902 12:44:04.388" endtime="20220902 12:44:04.411"/>
</kw>
<kw name="Page Should Contain Button" library="SeleniumLibrary">
<arg>${CLICK_SIGNIN_BTN}</arg>
<doc>Verifies button ``locator`` is found from current page.</doc>
<msg timestamp="20220902 12:44:04.469" level="INFO">Current page contains button '//button[@value='login']'.</msg>
<status status="PASS" starttime="20220902 12:44:04.411" endtime="20220902 12:44:04.469"/>
</kw>
<kw name="Page Should Contain Element" library="SeleniumLibrary">
<arg>${FORGOT_PASS_HYPERLINK}</arg>
<doc>Verifies that element ``locator`` is found on the current page.</doc>
<msg timestamp="20220902 12:44:04.485" level="INFO">Current page contains element '//a[contains(text(),'Forgot password?')]'.</msg>
<status status="PASS" starttime="20220902 12:44:04.469" endtime="20220902 12:44:04.485"/>
</kw>
<kw name="Click Element" library="SeleniumLibrary">
<arg>${CLICK_SIGNIN_BTN}</arg>
<doc>Click the element identified by ``locator``.</doc>
<msg timestamp="20220902 12:44:04.485" level="INFO">Clicking element '//button[@value='login']'.</msg>
<status status="PASS" starttime="20220902 12:44:04.485" endtime="20220902 12:44:07.986"/>
</kw>
<kw name="Sleep" library="BuiltIn">
<arg>5</arg>
<doc>Pauses the test executed for the given time.</doc>
<msg timestamp="20220902 12:44:12.995" level="INFO">Slept 5 seconds</msg>
<status status="PASS" starttime="20220902 12:44:07.986" endtime="20220902 12:44:12.995"/>
</kw>
<status status="PASS" starttime="20220902 12:44:03.192" endtime="20220902 12:44:12.995"/>
</kw>
<kw name="Verify that all slider up/down/left-right working properly" library="AnalysisQueuePage_005">
<kw name="Set Selenium Implicit Wait" library="SeleniumLibrary">
<arg>300</arg>
<doc>Sets the implicit wait value used by Selenium.</doc>
<status status="PASS" starttime="20220902 12:44:12.996" endtime="20220902 12:44:12.998"/>
</kw>
<kw name="Click Element" library="SeleniumLibrary">
<arg>${Close_Button}</arg>
<doc>Click the element identified by ``locator``.</doc>
<msg timestamp="20220902 12:44:12.999" level="INFO">Clicking element '(//button[contains(text(),'Close')])[1]'.</msg>
<status status="PASS" starttime="20220902 12:44:12.998" endtime="20220902 12:44:13.078"/>
</kw>
<kw name="Page Should Contain Element" library="SeleniumLibrary">
<arg>${Analysis_Queue_Button}</arg>
<doc>Verifies that element ``locator`` is found on the current page.</doc>
<msg timestamp="20220902 12:44:13.092" level="INFO">Current page contains element '//a[@title='Analysis queue']'.</msg>
<status status="PASS" starttime="20220902 12:44:13.079" endtime="20220902 12:44:13.093"/>
</kw>
<kw name="Click Element" library="SeleniumLibrary">
<arg>${Analysis_Queue_Button}</arg>
<doc>Click the element identified by ``locator``.</doc>
<msg timestamp="20220902 12:44:13.093" level="INFO">Clicking element '//a[@title='Analysis queue']'.</msg>
<status status="PASS" starttime="20220902 12:44:13.093" endtime="20220902 12:44:13.174"/>
</kw>
<kw name="Page Should Contain Element" library="SeleniumLibrary">
<arg>${Visible_Jobs}</arg>
<doc>Verifies that element ``locator`` is found on the current page.</doc>
<msg timestamp="20220902 12:44:13.193" level="INFO">Current page contains element '//a[contains(text(),'Visible Jobs')]'.</msg>
<status status="PASS" starttime="20220902 12:44:13.174" endtime="20220902 12:44:13.193"/>
</kw>
<kw name="Click Element" library="SeleniumLibrary">
<arg>${Visible_Jobs}</arg>
<doc>Click the element identified by ``locator``.</doc>
<msg timestamp="20220902 12:44:13.194" level="INFO">Clicking element '//a[contains(text(),'Visible Jobs')]'.</msg>
<status status="PASS" starttime="20220902 12:44:13.193" endtime="20220902 12:44:13.251"/>
</kw>
<kw name="Page Should Contain Element" library="SeleniumLibrary">
<arg>${Visible_Jobs_Table_First_Row}</arg>
<doc>Verifies that element ``locator`` is found on the current page.</doc>
<msg timestamp="20220902 12:44:20.626" level="INFO">Current page contains element '//div[@class='ag-body-viewport ag-layout-normal ag-row-animation']'.</msg>
<status status="PASS" starttime="20220902 12:44:13.251" endtime="20220902 12:44:20.626"/>
</kw>
<kw name="Page Should Contain Element" library="SeleniumLibrary">
<arg>${Time_Arrow_Option}</arg>
<doc>Verifies that element ``locator`` is found on the current page.</doc>
<msg timestamp="20220902 12:44:20.686" level="INFO">Current page contains element '(//span[@class='ag-icon ag-icon-contracted'])[3]'.</msg>
<status status="PASS" starttime="20220902 12:44:20.626" endtime="20220902 12:44:20.687"/>
</kw>
<kw name="Click Element" library="SeleniumLibrary">
<arg>${Time_Arrow_Option}</arg>
<doc>Click the element identified by ``locator``.</doc>
<msg timestamp="20220902 12:44:20.688" level="INFO">Clicking element '(//span[@class='ag-icon ag-icon-contracted'])[3]'.</msg>
<status status="PASS" starttime="20220902 12:44:20.687" endtime="20220902 12:44:21.065"/>
</kw>
<kw name="Page Should Contain Element" library="SeleniumLibrary">
<arg>${Slide_left_to_right}</arg>
<doc>Verifies that element ``locator`` is found on the current page.</doc>
<msg timestamp="20220902 12:44:21.110" level="INFO">Current page contains element '//div[@class='ag-body-horizontal-scroll-viewport']'.</msg>
<status status="PASS" starttime="20220902 12:44:21.065" endtime="20220902 12:44:21.110"/>
</kw>
<kw name="Page Should Contain Element" library="SeleniumLibrary">
<arg>${Slide_up_to_down}</arg>
<doc>Verifies that element ``locator`` is found on the current page.</doc>
<msg timestamp="20220902 12:44:21.142" level="INFO">Current page contains element '//div[@class="ag-body-viewport ag-layout-normal ag-row-animation"]'.</msg>
<status status="PASS" starttime="20220902 12:44:21.111" endtime="20220902 12:44:21.142"/>
</kw>
<kw name="Mouse Over" library="SeleniumLibrary">
<arg>${Submitted}</arg>
<doc>Simulates hovering the mouse over the element ``locator``.</doc>
<msg timestamp="20220902 12:44:21.143" level="INFO">Simulating Mouse Over on element '(//div[@class="sc-jnlKLf djbMhk"])[3]'.</msg>
<status status="PASS" starttime="20220902 12:44:21.142" endtime="20220902 12:44:21.432"/>
</kw>
<kw name="Sleep" library="BuiltIn">
<arg>20</arg>
<doc>Pauses the test executed for the given time.</doc>
<msg timestamp="20220902 12:44:41.436" level="INFO">Slept 20 seconds</msg>
<status status="PASS" starttime="20220902 12:44:21.432" endtime="20220902 12:44:41.436"/>
</kw>
<status status="PASS" starttime="20220902 12:44:12.996" endtime="20220902 12:44:41.436"/>
</kw>
<kw name="Close Browser" library="SeleniumLibrary">
<doc>Closes the current browser.</doc>
<status status="PASS" starttime="20220902 12:44:41.443" endtime="20220902 12:44:43.762"/>
</kw>
<status status="PASS" starttime="20220902 12:43:32.162" endtime="20220902 12:44:43.763"/>
</test>
<status status="PASS" starttime="20220902 12:43:31.818" endtime="20220902 12:44:43.765"/>
</suite>
<statistics>
<total>
<stat pass="1" fail="0" skip="0">All Tests</stat>
</total>
<tag>
</tag>
<suite>
<stat pass="1" fail="0" skip="0" id="s1" name="AnalysisQueue TC 005">AnalysisQueue TC 005</stat>
</suite>
</statistics>
<errors>
</errors>
</robot>
