<?xml version="1.0" encoding="UTF-8"?>
<robot generator="Robot 5.0.1 (Python 3.8.10 on win32)" generated="20220909 18:07:06.693" rpa="false" schemaversion="3">
<suite id="s1" name="AnalysisQueue TC 042" source="D:\pharma\Tests\AnalysisQueue\AnalysisQueue_TC_042.robot">
<test id="s1-t1" name="Verify that the Close button is clickable and display will be close" line="8">
<kw name="open my browser" library="LoginPage">
<kw name="Open Browser" library="SeleniumLibrary">
<arg>${SiteUrl}</arg>
<arg>${Browser}</arg>
<doc>Opens a new browser instance to the optional ``url``.</doc>
<msg timestamp="20220909 18:07:07.037" level="INFO">Opening browser 'chrome' to base url 'https://sandbox.jnjesm.com/'.</msg>
<status status="PASS" starttime="20220909 18:07:07.037" endtime="20220909 18:07:22.724"/>
</kw>
<kw name="Maximize Browser Window" library="SeleniumLibrary">
<doc>Maximizes current browser window.</doc>
<status status="PASS" starttime="20220909 18:07:22.725" endtime="20220909 18:07:26.343"/>
</kw>
<status status="PASS" starttime="20220909 18:07:07.037" endtime="20220909 18:07:26.343"/>
</kw>
<kw name="click signIn" library="LoginPage">
<kw name="Set Selenium Implicit Wait" library="SeleniumLibrary">
<arg>300</arg>
<doc>Sets the implicit wait value used by Selenium.</doc>
<status status="PASS" starttime="20220909 18:07:26.343" endtime="20220909 18:07:26.343"/>
</kw>
<kw name="Click Element" library="SeleniumLibrary">
<arg>${Authentication_Method}</arg>
<doc>Click the element identified by ``locator``.</doc>
<msg timestamp="20220909 18:07:26.343" level="INFO">Clicking element '//select[@name='scheme']'.</msg>
<status status="PASS" starttime="20220909 18:07:26.343" endtime="20220909 18:07:26.610"/>
</kw>
<kw name="Click Element" library="SeleniumLibrary">
<arg>${Select_Authentication_Method}</arg>
<doc>Click the element identified by ``locator``.</doc>
<msg timestamp="20220909 18:07:26.611" level="INFO">Clicking element '//option[contains(text(),'Non-J&amp;J')]'.</msg>
<status status="PASS" starttime="20220909 18:07:26.610" endtime="20220909 18:07:26.693"/>
</kw>
<kw name="Input Text" library="SeleniumLibrary">
<arg>${SET_EMAIL}</arg>
<arg>${user}</arg>
<doc>Types the given ``text`` into the text field identified by ``locator``.</doc>
<msg timestamp="20220909 18:07:26.695" level="INFO">Typing text 'ramin@rchsolutions.com' into text field '//input[@name='username']'.</msg>
<status status="PASS" starttime="20220909 18:07:26.694" endtime="20220909 18:07:26.968"/>
</kw>
<kw name="Page Should Contain Textfield" library="SeleniumLibrary">
<arg>${user}</arg>
<doc>Verifies text field ``locator`` is found from current page.</doc>
<msg timestamp="20220909 18:07:26.991" level="INFO">Current page contains text field 'ramin@rchsolutions.com'.</msg>
<status status="PASS" starttime="20220909 18:07:26.969" endtime="20220909 18:07:26.991"/>
</kw>
<kw name="Input Password" library="SeleniumLibrary">
<arg>${SET_PASS}</arg>
<arg>${password}</arg>
<doc>Types the given password into the text field identified by ``locator``.</doc>
<msg timestamp="20220909 18:07:26.992" level="INFO">Typing password into text field '//input[@name='password']'.</msg>
<msg timestamp="20220909 18:07:27.047" level="INFO">Temporally setting log level to: NONE</msg>
<msg timestamp="20220909 18:07:27.199" level="INFO">Log level changed from NONE to INFO.</msg>
<status status="PASS" starttime="20220909 18:07:26.992" endtime="20220909 18:07:27.200"/>
</kw>
<kw name="Page Should Contain Textfield" library="SeleniumLibrary">
<arg>${password}</arg>
<doc>Verifies text field ``locator`` is found from current page.</doc>
<msg timestamp="20220909 18:07:27.221" level="INFO">Current page contains text field 'Swamibapa2022@'.</msg>
<status status="PASS" starttime="20220909 18:07:27.200" endtime="20220909 18:07:27.221"/>
</kw>
<kw name="Page Should Contain Button" library="SeleniumLibrary">
<arg>${CLICK_SIGNIN_BTN}</arg>
<doc>Verifies button ``locator`` is found from current page.</doc>
<msg timestamp="20220909 18:07:27.261" level="INFO">Current page contains button '//button[@value='login']'.</msg>
<status status="PASS" starttime="20220909 18:07:27.221" endtime="20220909 18:07:27.261"/>
</kw>
<kw name="Page Should Contain Element" library="SeleniumLibrary">
<arg>${FORGOT_PASS_HYPERLINK}</arg>
<doc>Verifies that element ``locator`` is found on the current page.</doc>
<msg timestamp="20220909 18:07:27.275" level="INFO">Current page contains element '//a[contains(text(),'Forgot password?')]'.</msg>
<status status="PASS" starttime="20220909 18:07:27.261" endtime="20220909 18:07:27.275"/>
</kw>
<kw name="Click Element" library="SeleniumLibrary">
<arg>${CLICK_SIGNIN_BTN}</arg>
<doc>Click the element identified by ``locator``.</doc>
<msg timestamp="20220909 18:07:27.276" level="INFO">Clicking element '//button[@value='login']'.</msg>
<status status="PASS" starttime="20220909 18:07:27.275" endtime="20220909 18:07:30.024"/>
</kw>
<kw name="Sleep" library="BuiltIn">
<arg>5</arg>
<doc>Pauses the test executed for the given time.</doc>
<msg timestamp="20220909 18:07:35.027" level="INFO">Slept 5 seconds</msg>
<status status="PASS" starttime="20220909 18:07:30.024" endtime="20220909 18:07:35.027"/>
</kw>
<status status="PASS" starttime="20220909 18:07:26.343" endtime="20220909 18:07:35.028"/>
</kw>
<kw name="Verify that the Close button is clickable and display will be close" library="AnalysisQueuePage_042">
<kw name="Set Selenium Implicit Wait" library="SeleniumLibrary">
<arg>300</arg>
<doc>Sets the implicit wait value used by Selenium.</doc>
<status status="PASS" starttime="20220909 18:07:35.034" endtime="20220909 18:07:35.040"/>
</kw>
<kw name="Click Element" library="SeleniumLibrary">
<arg>${Close_Button}</arg>
<doc>Click the element identified by ``locator``.</doc>
<msg timestamp="20220909 18:07:35.041" level="INFO">Clicking element '(//button[contains(text(),'Close')])[1]'.</msg>
<status status="PASS" starttime="20220909 18:07:35.040" endtime="20220909 18:07:35.115"/>
</kw>
<kw name="Page Should Contain Element" library="SeleniumLibrary">
<arg>${Analysis_Queue_Button}</arg>
<doc>Verifies that element ``locator`` is found on the current page.</doc>
<msg timestamp="20220909 18:07:35.134" level="INFO">Current page contains element '//a[@title='Analysis queue']'.</msg>
<status status="PASS" starttime="20220909 18:07:35.116" endtime="20220909 18:07:35.134"/>
</kw>
<kw name="Click Element" library="SeleniumLibrary">
<arg>${Analysis_Queue_Button}</arg>
<doc>Click the element identified by ``locator``.</doc>
<msg timestamp="20220909 18:07:35.135" level="INFO">Clicking element '//a[@title='Analysis queue']'.</msg>
<status status="PASS" starttime="20220909 18:07:35.134" endtime="20220909 18:07:35.203"/>
</kw>
<kw name="Page Should Contain Element" library="SeleniumLibrary">
<arg>${All_Jobs}</arg>
<doc>Verifies that element ``locator`` is found on the current page.</doc>
<msg timestamp="20220909 18:07:35.222" level="INFO">Current page contains element '//a[contains(text(),'All Jobs')]'.</msg>
<status status="PASS" starttime="20220909 18:07:35.204" endtime="20220909 18:07:35.222"/>
</kw>
<kw name="Click Element" library="SeleniumLibrary">
<arg>${All_Jobs}</arg>
<doc>Click the element identified by ``locator``.</doc>
<msg timestamp="20220909 18:07:35.223" level="INFO">Clicking element '//a[contains(text(),'All Jobs')]'.</msg>
<status status="PASS" starttime="20220909 18:07:35.222" endtime="20220909 18:07:35.287"/>
</kw>
<kw name="Click Element" library="SeleniumLibrary">
<arg>${Close_Button}</arg>
<doc>Click the element identified by ``locator``.</doc>
<msg timestamp="20220909 18:07:35.288" level="INFO">Clicking element '(//button[contains(text(),'Close')])[1]'.</msg>
<status status="PASS" starttime="20220909 18:07:35.288" endtime="20220909 18:07:35.348"/>
</kw>
<kw name="Sleep" library="BuiltIn">
<arg>3</arg>
<doc>Pauses the test executed for the given time.</doc>
<msg timestamp="20220909 18:07:38.353" level="INFO">Slept 3 seconds</msg>
<status status="PASS" starttime="20220909 18:07:35.348" endtime="20220909 18:07:38.353"/>
</kw>
<status status="PASS" starttime="20220909 18:07:35.032" endtime="20220909 18:07:38.353"/>
</kw>
<kw name="Close Browser" library="SeleniumLibrary">
<doc>Closes the current browser.</doc>
<status status="PASS" starttime="20220909 18:07:38.353" endtime="20220909 18:07:42.281"/>
</kw>
<status status="PASS" starttime="20220909 18:07:07.037" endtime="20220909 18:07:42.281"/>
</test>
<status status="PASS" starttime="20220909 18:07:06.693" endtime="20220909 18:07:42.281"/>
</suite>
<statistics>
<total>
<stat pass="1" fail="0" skip="0">All Tests</stat>
</total>
<tag>
</tag>
<suite>
<stat pass="1" fail="0" skip="0" id="s1" name="AnalysisQueue TC 042">AnalysisQueue TC 042</stat>
</suite>
</statistics>
<errors>
</errors>
</robot>
