<?xml version="1.0" encoding="UTF-8"?>
<robot generator="Robot 5.0.1 (Python 3.8.10 on win32)" generated="20220911 00:53:27.043" rpa="false" schemaversion="3">
<suite id="s1" name="StudiesTest TC 008.2" source="D:\pharma\Tests\Studies\StudiesTest_TC_008.2.robot">
<test id="s1-t1" name="Check Existing task deleted or not" line="8">
<kw name="open my browser" library="LoginPage">
<kw name="Open Browser" library="SeleniumLibrary">
<arg>${SiteUrl}</arg>
<arg>${Browser}</arg>
<doc>Opens a new browser instance to the optional ``url``.</doc>
<msg timestamp="20220911 00:53:27.496" level="INFO">Opening browser 'chrome' to base url 'https://sandbox.jnjesm.com/'.</msg>
<status status="PASS" starttime="20220911 00:53:27.496" endtime="20220911 00:53:39.632"/>
</kw>
<kw name="Maximize Browser Window" library="SeleniumLibrary">
<doc>Maximizes current browser window.</doc>
<status status="PASS" starttime="20220911 00:53:39.632" endtime="20220911 00:53:40.043"/>
</kw>
<status status="PASS" starttime="20220911 00:53:27.495" endtime="20220911 00:53:40.044"/>
</kw>
<kw name="click signIn" library="LoginPage">
<kw name="Set Selenium Implicit Wait" library="SeleniumLibrary">
<arg>300</arg>
<doc>Sets the implicit wait value used by Selenium.</doc>
<status status="PASS" starttime="20220911 00:53:40.045" endtime="20220911 00:53:40.052"/>
</kw>
<kw name="Click Element" library="SeleniumLibrary">
<arg>${Authentication_Method}</arg>
<doc>Click the element identified by ``locator``.</doc>
<msg timestamp="20220911 00:53:40.053" level="INFO">Clicking element '//select[@name='scheme']'.</msg>
<status status="PASS" starttime="20220911 00:53:40.052" endtime="20220911 00:53:44.564"/>
</kw>
<kw name="Click Element" library="SeleniumLibrary">
<arg>${Select_Authentication_Method}</arg>
<doc>Click the element identified by ``locator``.</doc>
<msg timestamp="20220911 00:53:44.566" level="INFO">Clicking element '//option[contains(text(),'Non-J&amp;J')]'.</msg>
<status status="PASS" starttime="20220911 00:53:44.565" endtime="20220911 00:53:44.743"/>
</kw>
<kw name="Input Text" library="SeleniumLibrary">
<arg>${SET_EMAIL}</arg>
<arg>${user}</arg>
<doc>Types the given ``text`` into the text field identified by ``locator``.</doc>
<msg timestamp="20220911 00:53:44.744" level="INFO">Typing text 'ramin@rchsolutions.com' into text field '//input[@name='username']'.</msg>
<status status="PASS" starttime="20220911 00:53:44.744" endtime="20220911 00:53:45.096"/>
</kw>
<kw name="Page Should Contain Textfield" library="SeleniumLibrary">
<arg>${user}</arg>
<doc>Verifies text field ``locator`` is found from current page.</doc>
<msg timestamp="20220911 00:53:45.128" level="INFO">Current page contains text field 'ramin@rchsolutions.com'.</msg>
<status status="PASS" starttime="20220911 00:53:45.096" endtime="20220911 00:53:45.128"/>
</kw>
<kw name="Input Password" library="SeleniumLibrary">
<arg>${SET_PASS}</arg>
<arg>${password}</arg>
<doc>Types the given password into the text field identified by ``locator``.</doc>
<msg timestamp="20220911 00:53:45.129" level="INFO">Typing password into text field '//input[@name='password']'.</msg>
<msg timestamp="20220911 00:53:45.209" level="INFO">Temporally setting log level to: NONE</msg>
<msg timestamp="20220911 00:53:45.398" level="INFO">Log level changed from NONE to INFO.</msg>
<status status="PASS" starttime="20220911 00:53:45.129" endtime="20220911 00:53:45.398"/>
</kw>
<kw name="Page Should Contain Textfield" library="SeleniumLibrary">
<arg>${password}</arg>
<doc>Verifies text field ``locator`` is found from current page.</doc>
<msg timestamp="20220911 00:53:45.459" level="INFO">Current page contains text field 'Swamibapa2022@'.</msg>
<status status="PASS" starttime="20220911 00:53:45.398" endtime="20220911 00:53:45.459"/>
</kw>
<kw name="Page Should Contain Button" library="SeleniumLibrary">
<arg>${CLICK_SIGNIN_BTN}</arg>
<doc>Verifies button ``locator`` is found from current page.</doc>
<msg timestamp="20220911 00:53:45.520" level="INFO">Current page contains button '//button[@value='login']'.</msg>
<status status="PASS" starttime="20220911 00:53:45.460" endtime="20220911 00:53:45.520"/>
</kw>
<kw name="Page Should Contain Element" library="SeleniumLibrary">
<arg>${FORGOT_PASS_HYPERLINK}</arg>
<doc>Verifies that element ``locator`` is found on the current page.</doc>
<msg timestamp="20220911 00:53:45.541" level="INFO">Current page contains element '//a[contains(text(),'Forgot password?')]'.</msg>
<status status="PASS" starttime="20220911 00:53:45.520" endtime="20220911 00:53:45.541"/>
</kw>
<kw name="Click Element" library="SeleniumLibrary">
<arg>${CLICK_SIGNIN_BTN}</arg>
<doc>Click the element identified by ``locator``.</doc>
<msg timestamp="20220911 00:53:45.542" level="INFO">Clicking element '//button[@value='login']'.</msg>
<status status="PASS" starttime="20220911 00:53:45.542" endtime="20220911 00:53:49.043"/>
</kw>
<kw name="Sleep" library="BuiltIn">
<arg>5</arg>
<doc>Pauses the test executed for the given time.</doc>
<msg timestamp="20220911 00:53:54.045" level="INFO">Slept 5 seconds</msg>
<status status="PASS" starttime="20220911 00:53:49.044" endtime="20220911 00:53:54.045"/>
</kw>
<status status="PASS" starttime="20220911 00:53:40.045" endtime="20220911 00:53:54.045"/>
</kw>
<kw name="Check Existing task deleted or not" library="StudiesPage_TC_008.2">
<kw name="Set Selenium Implicit Wait" library="SeleniumLibrary">
<arg>300</arg>
<doc>Sets the implicit wait value used by Selenium.</doc>
<status status="PASS" starttime="20220911 00:53:54.047" endtime="20220911 00:53:54.050"/>
</kw>
<kw name="Click Button" library="SeleniumLibrary">
<arg>${Close_Button}</arg>
<doc>Clicks the button identified by ``locator``.</doc>
<msg timestamp="20220911 00:53:54.051" level="INFO">Clicking button '(//button[contains(text(),'Close')])[1]'.</msg>
<status status="PASS" starttime="20220911 00:53:54.050" endtime="20220911 00:53:54.187"/>
</kw>
<kw name="Click Element" library="SeleniumLibrary">
<arg>${Help_Icon_Close}</arg>
<doc>Click the element identified by ``locator``.</doc>
<msg timestamp="20220911 00:53:54.188" level="INFO">Clicking element '//div[@class="ui active visible dropdown item navDropdown"]'.</msg>
<status status="PASS" starttime="20220911 00:53:54.187" endtime="20220911 00:53:54.265"/>
</kw>
<kw name="Click Element" library="SeleniumLibrary">
<arg>${Dismiss_Button}</arg>
<doc>Click the element identified by ``locator``.</doc>
<msg timestamp="20220911 00:53:54.266" level="INFO">Clicking element '//i[@title='Dimiss message']'.</msg>
<status status="PASS" starttime="20220911 00:53:54.265" endtime="20220911 00:53:54.354"/>
</kw>
<kw name="Page Should Contain Element" library="SeleniumLibrary">
<arg>${Studied_Dashboard}</arg>
<doc>Verifies that element ``locator`` is found on the current page.</doc>
<msg timestamp="20220911 00:53:54.376" level="INFO">Current page contains element '(//span[contains(text(),'Studies')])[1]'.</msg>
<status status="PASS" starttime="20220911 00:53:54.355" endtime="20220911 00:53:54.376"/>
</kw>
<kw name="Click Element" library="SeleniumLibrary">
<arg>${Existing_Study_Folder_Second}</arg>
<doc>Click the element identified by ``locator``.</doc>
<msg timestamp="20220911 00:53:54.378" level="INFO">Clicking element '(//a[@class="ui card"])[2]'.</msg>
<status status="PASS" starttime="20220911 00:53:54.377" endtime="20220911 00:53:54.519"/>
</kw>
<kw name="Click Element" library="SeleniumLibrary">
<arg>${Study_Settings_Module}</arg>
<doc>Click the element identified by ``locator``.</doc>
<msg timestamp="20220911 00:53:54.520" level="INFO">Clicking element '//div[@title="Study Settings"]'.</msg>
<status status="PASS" starttime="20220911 00:53:54.519" endtime="20220911 00:53:56.331"/>
</kw>
<kw name="Click Element" library="SeleniumLibrary">
<arg>${Study_Field}</arg>
<doc>Click the element identified by ``locator``.</doc>
<msg timestamp="20220911 00:53:56.333" level="INFO">Clicking element '(//a[contains(text(),'Study Fields')])[1]'.</msg>
<status status="PASS" starttime="20220911 00:53:56.332" endtime="20220911 00:53:56.898"/>
</kw>
<kw name="Click Element" library="SeleniumLibrary">
<arg>${Slide_Task}</arg>
<doc>Click the element identified by ``locator``.</doc>
<msg timestamp="20220911 00:53:56.900" level="INFO">Clicking element '(//a[contains(text(),'Slide Tasks')])[1]'.</msg>
<status status="PASS" starttime="20220911 00:53:56.898" endtime="20220911 00:53:56.974"/>
</kw>
<kw name="Click Element" library="SeleniumLibrary">
<arg>${Task_Plus_Icon}</arg>
<doc>Click the element identified by ``locator``.</doc>
<msg timestamp="20220911 00:53:56.975" level="INFO">Clicking element '//i[@data-test-id="wxnppRoCSqRI1R_AB-2Cy"]'.</msg>
<status status="PASS" starttime="20220911 00:53:56.974" endtime="20220911 00:53:57.805"/>
</kw>
<kw name="Click Button" library="SeleniumLibrary">
<arg>${Cancel_Button}</arg>
<doc>Clicks the button identified by ``locator``.</doc>
<msg timestamp="20220911 00:53:57.806" level="INFO">Clicking button '(//button[contains(text(),'Cancel')])[1]'.</msg>
<status status="PASS" starttime="20220911 00:53:57.805" endtime="20220911 00:53:57.911"/>
</kw>
<kw name="Element Should Be Visible" library="SeleniumLibrary">
<arg>${Task_Created}</arg>
<doc>Verifies that the element identified by ``locator`` is visible.</doc>
<msg timestamp="20220911 00:53:57.951" level="INFO">Element '//div[@ref="eCenterColsClipper"]' is displayed.</msg>
<status status="PASS" starttime="20220911 00:53:57.912" endtime="20220911 00:53:57.951"/>
</kw>
<kw name="Click Element" library="SeleniumLibrary">
<arg>${Delete_Icon_Study_Setting}</arg>
<doc>Click the element identified by ``locator``.</doc>
<msg timestamp="20220911 00:53:57.952" level="INFO">Clicking element '//i[@class="trash alternate icon"]'.</msg>
<status status="PASS" starttime="20220911 00:53:57.951" endtime="20220911 00:53:58.034"/>
</kw>
<kw name="Element Should Be Visible" library="SeleniumLibrary">
<arg>${Cancel_Button}</arg>
<doc>Verifies that the element identified by ``locator`` is visible.</doc>
<msg timestamp="20220911 00:53:58.066" level="INFO">Element '(//button[contains(text(),'Cancel')])[1]' is displayed.</msg>
<status status="PASS" starttime="20220911 00:53:58.035" endtime="20220911 00:53:58.066"/>
</kw>
<kw name="Click Button" library="SeleniumLibrary">
<arg>${Delete_Button}</arg>
<doc>Clicks the button identified by ``locator``.</doc>
<msg timestamp="20220911 00:53:58.067" level="INFO">Clicking button '(//button[contains(text(),'Delete')])[1]'.</msg>
<status status="PASS" starttime="20220911 00:53:58.067" endtime="20220911 00:53:58.150"/>
</kw>
<kw name="Sleep" library="BuiltIn">
<arg>3</arg>
<doc>Pauses the test executed for the given time.</doc>
<msg timestamp="20220911 00:54:01.152" level="INFO">Slept 3 seconds</msg>
<status status="PASS" starttime="20220911 00:53:58.151" endtime="20220911 00:54:01.152"/>
</kw>
<status status="PASS" starttime="20220911 00:53:54.046" endtime="20220911 00:54:01.152"/>
</kw>
<kw name="Close Browser" library="SeleniumLibrary">
<doc>Closes the current browser.</doc>
<status status="PASS" starttime="20220911 00:54:01.153" endtime="20220911 00:54:03.504"/>
</kw>
<status status="PASS" starttime="20220911 00:53:27.493" endtime="20220911 00:54:03.504"/>
</test>
<status status="PASS" starttime="20220911 00:53:27.047" endtime="20220911 00:54:03.508"/>
</suite>
<statistics>
<total>
<stat pass="1" fail="0" skip="0">All Tests</stat>
</total>
<tag>
</tag>
<suite>
<stat pass="1" fail="0" skip="0" id="s1" name="StudiesTest TC 008.2">StudiesTest TC 008.2</stat>
</suite>
</statistics>
<errors>
</errors>
</robot>
