<?xml version="1.0" encoding="UTF-8"?>
<robot generator="Robot 5.0.1 (Python 3.8.10 on win32)" generated="20220910 00:17:20.880" rpa="false" schemaversion="3">
<suite id="s1" name="StudiesTest TC 004.1" source="D:\pharma\Tests\Studies\StudiesTest_TC_004.1.robot">
<test id="s1-t1" name="Check Study metadata module" line="8">
<kw name="open my browser" library="LoginPage">
<kw name="Open Browser" library="SeleniumLibrary">
<arg>${SiteUrl}</arg>
<arg>${Browser}</arg>
<doc>Opens a new browser instance to the optional ``url``.</doc>
<msg timestamp="20220910 00:17:21.255" level="INFO">Opening browser 'chrome' to base url 'https://sandbox.jnjesm.com/'.</msg>
<status status="PASS" starttime="20220910 00:17:21.255" endtime="20220910 00:17:33.887"/>
</kw>
<kw name="Maximize Browser Window" library="SeleniumLibrary">
<doc>Maximizes current browser window.</doc>
<status status="PASS" starttime="20220910 00:17:33.887" endtime="20220910 00:17:37.376"/>
</kw>
<status status="PASS" starttime="20220910 00:17:21.239" endtime="20220910 00:17:37.376"/>
</kw>
<kw name="click signIn" library="LoginPage">
<kw name="Set Selenium Implicit Wait" library="SeleniumLibrary">
<arg>300</arg>
<doc>Sets the implicit wait value used by Selenium.</doc>
<status status="PASS" starttime="20220910 00:17:37.376" endtime="20220910 00:17:37.376"/>
</kw>
<kw name="Click Element" library="SeleniumLibrary">
<arg>${Authentication_Method}</arg>
<doc>Click the element identified by ``locator``.</doc>
<msg timestamp="20220910 00:17:37.376" level="INFO">Clicking element '//select[@name='scheme']'.</msg>
<status status="PASS" starttime="20220910 00:17:37.376" endtime="20220910 00:17:37.713"/>
</kw>
<kw name="Click Element" library="SeleniumLibrary">
<arg>${Select_Authentication_Method}</arg>
<doc>Click the element identified by ``locator``.</doc>
<msg timestamp="20220910 00:17:37.714" level="INFO">Clicking element '//option[contains(text(),'Non-J&amp;J')]'.</msg>
<status status="PASS" starttime="20220910 00:17:37.714" endtime="20220910 00:17:37.803"/>
</kw>
<kw name="Input Text" library="SeleniumLibrary">
<arg>${SET_EMAIL}</arg>
<arg>${user}</arg>
<doc>Types the given ``text`` into the text field identified by ``locator``.</doc>
<msg timestamp="20220910 00:17:37.805" level="INFO">Typing text 'ramin@rchsolutions.com' into text field '//input[@name='username']'.</msg>
<status status="PASS" starttime="20220910 00:17:37.804" endtime="20220910 00:17:38.071"/>
</kw>
<kw name="Page Should Contain Textfield" library="SeleniumLibrary">
<arg>${user}</arg>
<doc>Verifies text field ``locator`` is found from current page.</doc>
<msg timestamp="20220910 00:17:38.090" level="INFO">Current page contains text field 'ramin@rchsolutions.com'.</msg>
<status status="PASS" starttime="20220910 00:17:38.071" endtime="20220910 00:17:38.090"/>
</kw>
<kw name="Input Password" library="SeleniumLibrary">
<arg>${SET_PASS}</arg>
<arg>${password}</arg>
<doc>Types the given password into the text field identified by ``locator``.</doc>
<msg timestamp="20220910 00:17:38.091" level="INFO">Typing password into text field '//input[@name='password']'.</msg>
<msg timestamp="20220910 00:17:38.125" level="INFO">Temporally setting log level to: NONE</msg>
<msg timestamp="20220910 00:17:38.248" level="INFO">Log level changed from NONE to INFO.</msg>
<status status="PASS" starttime="20220910 00:17:38.090" endtime="20220910 00:17:38.248"/>
</kw>
<kw name="Page Should Contain Textfield" library="SeleniumLibrary">
<arg>${password}</arg>
<doc>Verifies text field ``locator`` is found from current page.</doc>
<msg timestamp="20220910 00:17:38.265" level="INFO">Current page contains text field 'Swamibapa2022@'.</msg>
<status status="PASS" starttime="20220910 00:17:38.248" endtime="20220910 00:17:38.266"/>
</kw>
<kw name="Page Should Contain Button" library="SeleniumLibrary">
<arg>${CLICK_SIGNIN_BTN}</arg>
<doc>Verifies button ``locator`` is found from current page.</doc>
<msg timestamp="20220910 00:17:38.306" level="INFO">Current page contains button '//button[@value='login']'.</msg>
<status status="PASS" starttime="20220910 00:17:38.266" endtime="20220910 00:17:38.306"/>
</kw>
<kw name="Page Should Contain Element" library="SeleniumLibrary">
<arg>${FORGOT_PASS_HYPERLINK}</arg>
<doc>Verifies that element ``locator`` is found on the current page.</doc>
<msg timestamp="20220910 00:17:38.321" level="INFO">Current page contains element '//a[contains(text(),'Forgot password?')]'.</msg>
<status status="PASS" starttime="20220910 00:17:38.307" endtime="20220910 00:17:38.321"/>
</kw>
<kw name="Click Element" library="SeleniumLibrary">
<arg>${CLICK_SIGNIN_BTN}</arg>
<doc>Click the element identified by ``locator``.</doc>
<msg timestamp="20220910 00:17:38.321" level="INFO">Clicking element '//button[@value='login']'.</msg>
<status status="PASS" starttime="20220910 00:17:38.321" endtime="20220910 00:17:41.523"/>
</kw>
<kw name="Sleep" library="BuiltIn">
<arg>5</arg>
<doc>Pauses the test executed for the given time.</doc>
<msg timestamp="20220910 00:17:46.537" level="INFO">Slept 5 seconds</msg>
<status status="PASS" starttime="20220910 00:17:41.523" endtime="20220910 00:17:46.537"/>
</kw>
<status status="PASS" starttime="20220910 00:17:37.376" endtime="20220910 00:17:46.537"/>
</kw>
<kw name="Check Study metadata module" library="StudiesPage_TC_004.1">
<kw name="Set Selenium Implicit Wait" library="SeleniumLibrary">
<arg>300</arg>
<doc>Sets the implicit wait value used by Selenium.</doc>
<status status="PASS" starttime="20220910 00:17:46.538" endtime="20220910 00:17:46.540"/>
</kw>
<kw name="Click Button" library="SeleniumLibrary">
<arg>${Close_Button}</arg>
<doc>Clicks the button identified by ``locator``.</doc>
<msg timestamp="20220910 00:17:46.541" level="INFO">Clicking button '(//button[contains(text(),'Close')])[1]'.</msg>
<status status="PASS" starttime="20220910 00:17:46.540" endtime="20220910 00:17:46.637"/>
</kw>
<kw name="Click Element" library="SeleniumLibrary">
<arg>${Help_Icon_Close}</arg>
<doc>Click the element identified by ``locator``.</doc>
<msg timestamp="20220910 00:17:46.638" level="INFO">Clicking element '//div[@class="ui active visible dropdown item navDropdown"]'.</msg>
<status status="PASS" starttime="20220910 00:17:46.637" endtime="20220910 00:17:46.697"/>
</kw>
<kw name="Click Element" library="SeleniumLibrary">
<arg>${Dismiss_Button}</arg>
<doc>Click the element identified by ``locator``.</doc>
<msg timestamp="20220910 00:17:46.698" level="INFO">Clicking element '//i[@title='Dimiss message']'.</msg>
<status status="PASS" starttime="20220910 00:17:46.697" endtime="20220910 00:17:46.766"/>
</kw>
<kw name="Page Should Contain Element" library="SeleniumLibrary">
<arg>${Studied_Dashboard}</arg>
<doc>Verifies that element ``locator`` is found on the current page.</doc>
<msg timestamp="20220910 00:17:46.780" level="INFO">Current page contains element '(//span[contains(text(),'Studies')])[1]'.</msg>
<status status="PASS" starttime="20220910 00:17:46.766" endtime="20220910 00:17:46.781"/>
</kw>
<kw name="Click Element" library="SeleniumLibrary">
<arg>${Existing_Study_Folder}</arg>
<doc>Click the element identified by ``locator``.</doc>
<msg timestamp="20220910 00:17:46.781" level="INFO">Clicking element '(//a[@class="ui card"])[1]'.</msg>
<status status="PASS" starttime="20220910 00:17:46.781" endtime="20220910 00:17:46.890"/>
</kw>
<kw name="Click Element" library="SeleniumLibrary">
<arg>${Study_Metadata}</arg>
<doc>Click the element identified by ``locator``.</doc>
<msg timestamp="20220910 00:17:46.890" level="INFO">Clicking element '//div[@title="Study Metadata"]'.</msg>
<status status="PASS" starttime="20220910 00:17:46.890" endtime="20220910 00:17:48.674"/>
</kw>
<kw name="Wait Until Element Is Visible" library="SeleniumLibrary">
<arg>${Study_Metadata_Title}</arg>
<doc>Waits until the element ``locator`` is visible.</doc>
<status status="PASS" starttime="20220910 00:17:48.674" endtime="20220910 00:17:48.768"/>
</kw>
<kw name="Element Should Be Visible" library="SeleniumLibrary">
<arg>${Study_Metadata_Title}</arg>
<doc>Verifies that the element identified by ``locator`` is visible.</doc>
<msg timestamp="20220910 00:17:48.784" level="INFO">Element '(//div[contains(text(),'Study Metadata')])[1]' is displayed.</msg>
<status status="PASS" starttime="20220910 00:17:48.768" endtime="20220910 00:17:48.784"/>
</kw>
<kw name="Sleep" library="BuiltIn">
<arg>3</arg>
<doc>Pauses the test executed for the given time.</doc>
<msg timestamp="20220910 00:17:51.795" level="INFO">Slept 3 seconds</msg>
<status status="PASS" starttime="20220910 00:17:48.784" endtime="20220910 00:17:51.795"/>
</kw>
<status status="PASS" starttime="20220910 00:17:46.538" endtime="20220910 00:17:51.795"/>
</kw>
<kw name="Close Browser" library="SeleniumLibrary">
<doc>Closes the current browser.</doc>
<status status="PASS" starttime="20220910 00:17:51.795" endtime="20220910 00:17:54.045"/>
</kw>
<status status="PASS" starttime="20220910 00:17:21.239" endtime="20220910 00:17:54.045"/>
</test>
<status status="PASS" starttime="20220910 00:17:20.896" endtime="20220910 00:17:54.045"/>
</suite>
<statistics>
<total>
<stat pass="1" fail="0" skip="0">All Tests</stat>
</total>
<tag>
</tag>
<suite>
<stat pass="1" fail="0" skip="0" id="s1" name="StudiesTest TC 004.1">StudiesTest TC 004.1</stat>
</suite>
</statistics>
<errors>
</errors>
</robot>
