<?xml version="1.0" encoding="UTF-8"?>
<robot generator="Robot 5.0.1 (Python 3.8.10 on win32)" generated="20220831 20:49:26.425" rpa="false" schemaversion="3">
<suite id="s1" name="TraysTest TC 005" source="D:\Freelancing\pharma\Tests\Trays\TraysTest_TC_005.robot">
<test id="s1-t1" name="Check Trays Sort option is working" line="8">
<kw name="open my browser" library="LoginPage">
<kw name="Open Browser" library="SeleniumLibrary">
<arg>${SiteUrl}</arg>
<arg>${Browser}</arg>
<doc>Opens a new browser instance to the optional ``url``.</doc>
<msg timestamp="20220831 20:49:26.754" level="INFO">Opening browser 'chrome' to base url 'https://sandbox.jnjesm.com/'.</msg>
<status status="PASS" starttime="20220831 20:49:26.754" endtime="20220831 20:50:16.903"/>
</kw>
<kw name="Maximize Browser Window" library="SeleniumLibrary">
<doc>Maximizes current browser window.</doc>
<status status="PASS" starttime="20220831 20:50:16.903" endtime="20220831 20:50:17.043"/>
</kw>
<status status="PASS" starttime="20220831 20:49:26.754" endtime="20220831 20:50:17.043"/>
</kw>
<kw name="click signIn" library="LoginPage">
<kw name="Set Selenium Implicit Wait" library="SeleniumLibrary">
<arg>300</arg>
<doc>Sets the implicit wait value used by Selenium.</doc>
<status status="PASS" starttime="20220831 20:50:17.059" endtime="20220831 20:50:17.059"/>
</kw>
<kw name="Click Element" library="SeleniumLibrary">
<arg>${Authentication_Method}</arg>
<doc>Click the element identified by ``locator``.</doc>
<msg timestamp="20220831 20:50:17.059" level="INFO">Clicking element '//select[@name='scheme']'.</msg>
<status status="PASS" starttime="20220831 20:50:17.059" endtime="20220831 20:50:22.545"/>
</kw>
<kw name="Click Element" library="SeleniumLibrary">
<arg>${Select_Authentication_Method}</arg>
<doc>Click the element identified by ``locator``.</doc>
<msg timestamp="20220831 20:50:22.546" level="INFO">Clicking element '//option[contains(text(),'Non-J&amp;J')]'.</msg>
<status status="PASS" starttime="20220831 20:50:22.545" endtime="20220831 20:50:22.628"/>
</kw>
<kw name="Input Text" library="SeleniumLibrary">
<arg>${SET_EMAIL}</arg>
<arg>${user}</arg>
<doc>Types the given ``text`` into the text field identified by ``locator``.</doc>
<msg timestamp="20220831 20:50:22.630" level="INFO">Typing text 'ramin@rchsolutions.com' into text field '//input[@name='username']'.</msg>
<status status="PASS" starttime="20220831 20:50:22.629" endtime="20220831 20:50:22.912"/>
</kw>
<kw name="Page Should Contain Textfield" library="SeleniumLibrary">
<arg>${user}</arg>
<doc>Verifies text field ``locator`` is found from current page.</doc>
<msg timestamp="20220831 20:50:22.933" level="INFO">Current page contains text field 'ramin@rchsolutions.com'.</msg>
<status status="PASS" starttime="20220831 20:50:22.912" endtime="20220831 20:50:22.933"/>
</kw>
<kw name="Input Password" library="SeleniumLibrary">
<arg>${SET_PASS}</arg>
<arg>${password}</arg>
<doc>Types the given password into the text field identified by ``locator``.</doc>
<msg timestamp="20220831 20:50:22.934" level="INFO">Typing password into text field '//input[@name='password']'.</msg>
<msg timestamp="20220831 20:50:22.975" level="INFO">Temporally setting log level to: NONE</msg>
<msg timestamp="20220831 20:50:23.092" level="INFO">Log level changed from NONE to INFO.</msg>
<status status="PASS" starttime="20220831 20:50:22.933" endtime="20220831 20:50:23.092"/>
</kw>
<kw name="Page Should Contain Textfield" library="SeleniumLibrary">
<arg>${password}</arg>
<doc>Verifies text field ``locator`` is found from current page.</doc>
<msg timestamp="20220831 20:50:23.112" level="INFO">Current page contains text field 'Swamibapa2022@'.</msg>
<status status="PASS" starttime="20220831 20:50:23.093" endtime="20220831 20:50:23.112"/>
</kw>
<kw name="Page Should Contain Button" library="SeleniumLibrary">
<arg>${CLICK_SIGNIN_BTN}</arg>
<doc>Verifies button ``locator`` is found from current page.</doc>
<msg timestamp="20220831 20:50:23.150" level="INFO">Current page contains button '//button[@value='login']'.</msg>
<status status="PASS" starttime="20220831 20:50:23.113" endtime="20220831 20:50:23.150"/>
</kw>
<kw name="Page Should Contain Element" library="SeleniumLibrary">
<arg>${FORGOT_PASS_HYPERLINK}</arg>
<doc>Verifies that element ``locator`` is found on the current page.</doc>
<msg timestamp="20220831 20:50:23.165" level="INFO">Current page contains element '//a[contains(text(),'Forgot password?')]'.</msg>
<status status="PASS" starttime="20220831 20:50:23.151" endtime="20220831 20:50:23.166"/>
</kw>
<kw name="Click Element" library="SeleniumLibrary">
<arg>${CLICK_SIGNIN_BTN}</arg>
<doc>Click the element identified by ``locator``.</doc>
<msg timestamp="20220831 20:50:23.166" level="INFO">Clicking element '//button[@value='login']'.</msg>
<status status="PASS" starttime="20220831 20:50:23.166" endtime="20220831 20:50:26.305"/>
</kw>
<kw name="Sleep" library="BuiltIn">
<arg>5</arg>
<doc>Pauses the test executed for the given time.</doc>
<msg timestamp="20220831 20:50:31.316" level="INFO">Slept 5 seconds</msg>
<status status="PASS" starttime="20220831 20:50:26.306" endtime="20220831 20:50:31.317"/>
</kw>
<status status="PASS" starttime="20220831 20:50:17.059" endtime="20220831 20:50:31.317"/>
</kw>
<kw name="Check Trays Sort option is working" library="TraysPage_005">
<kw name="Set Selenium Implicit Wait" library="SeleniumLibrary">
<arg>300</arg>
<doc>Sets the implicit wait value used by Selenium.</doc>
<status status="PASS" starttime="20220831 20:50:31.322" endtime="20220831 20:50:31.327"/>
</kw>
<kw name="Click Button" library="SeleniumLibrary">
<arg>${Close_Button}</arg>
<doc>Clicks the button identified by ``locator``.</doc>
<msg timestamp="20220831 20:50:31.330" level="INFO">Clicking button '(//button[contains(text(),'Close')])[1]'.</msg>
<status status="PASS" starttime="20220831 20:50:31.328" endtime="20220831 20:50:31.442"/>
</kw>
<kw name="Page Should Contain Element" library="SeleniumLibrary">
<arg>${Studied_Dashboard}</arg>
<doc>Verifies that element ``locator`` is found on the current page.</doc>
<msg timestamp="20220831 20:50:31.457" level="INFO">Current page contains element '(//span[contains(text(),'Studies')])[1]'.</msg>
<status status="PASS" starttime="20220831 20:50:31.442" endtime="20220831 20:50:31.457"/>
</kw>
<kw name="Page Should Contain Element" library="SeleniumLibrary">
<arg>${Trays_Dashboard}</arg>
<doc>Verifies that element ``locator`` is found on the current page.</doc>
<msg timestamp="20220831 20:50:31.471" level="INFO">Current page contains element '(//span[contains(text(),'Trays')])[1]'.</msg>
<status status="PASS" starttime="20220831 20:50:31.457" endtime="20220831 20:50:31.471"/>
</kw>
<kw name="Click Element" library="SeleniumLibrary">
<arg>${Trays_Dashboard}</arg>
<doc>Click the element identified by ``locator``.</doc>
<msg timestamp="20220831 20:50:31.472" level="INFO">Clicking element '(//span[contains(text(),'Trays')])[1]'.</msg>
<status status="PASS" starttime="20220831 20:50:31.471" endtime="20220831 20:50:31.532"/>
</kw>
<kw name="Page Should Contain Element" library="SeleniumLibrary">
<arg>${Sort_Title}</arg>
<doc>Verifies that element ``locator`` is found on the current page.</doc>
<msg timestamp="20220831 20:50:33.196" level="INFO">Current page contains element '(//span[contains(text(),'Sort')])[1]'.</msg>
<status status="PASS" starttime="20220831 20:50:31.533" endtime="20220831 20:50:33.196"/>
</kw>
<kw name="Page Should Contain Element" library="SeleniumLibrary">
<arg>${Sort_Dropdown}</arg>
<doc>Verifies that element ``locator`` is found on the current page.</doc>
<msg timestamp="20220831 20:50:33.207" level="INFO">Current page contains element '//div[@class='ui selection dropdown']'.</msg>
<status status="PASS" starttime="20220831 20:50:33.196" endtime="20220831 20:50:33.207"/>
</kw>
<kw name="Click Element" library="SeleniumLibrary">
<arg>${Sort_Dropdown}</arg>
<doc>Click the element identified by ``locator``.</doc>
<msg timestamp="20220831 20:50:33.207" level="INFO">Clicking element '//div[@class='ui selection dropdown']'.</msg>
<status status="PASS" starttime="20220831 20:50:33.207" endtime="20220831 20:50:33.338"/>
</kw>
<kw name="Page Should Contain Element" library="SeleniumLibrary">
<arg>${Every_Sort_Option}</arg>
<doc>Verifies that element ``locator`` is found on the current page.</doc>
<msg timestamp="20220831 20:50:33.393" level="INFO">Current page contains element '//div[@class='visible menu transition']'.</msg>
<status status="PASS" starttime="20220831 20:50:33.338" endtime="20220831 20:50:33.394"/>
</kw>
<kw name="Sleep" library="BuiltIn">
<arg>3</arg>
<doc>Pauses the test executed for the given time.</doc>
<msg timestamp="20220831 20:50:36.395" level="INFO">Slept 3 seconds</msg>
<status status="PASS" starttime="20220831 20:50:33.394" endtime="20220831 20:50:36.395"/>
</kw>
<status status="PASS" starttime="20220831 20:50:31.320" endtime="20220831 20:50:36.395"/>
</kw>
<kw name="Close Browser" library="SeleniumLibrary">
<doc>Closes the current browser.</doc>
<status status="PASS" starttime="20220831 20:50:36.395" endtime="20220831 20:50:39.142"/>
</kw>
<status status="PASS" starttime="20220831 20:49:26.754" endtime="20220831 20:50:39.142"/>
</test>
<status status="PASS" starttime="20220831 20:49:26.425" endtime="20220831 20:50:39.142"/>
</suite>
<statistics>
<total>
<stat pass="1" fail="0" skip="0">All Tests</stat>
</total>
<tag>
</tag>
<suite>
<stat pass="1" fail="0" skip="0" id="s1" name="TraysTest TC 005">TraysTest TC 005</stat>
</suite>
</statistics>
<errors>
</errors>
</robot>
