<?xml version="1.0" encoding="UTF-8"?>
<robot generator="Robot 5.0.1 (Python 3.8.10 on win32)" generated="20220912 19:12:56.824" rpa="false" schemaversion="3">
<suite id="s1" name="SlideSearchTest TC 003" source="D:\pharma\Tests\SlideSearch\SlideSearchTest_TC_003.robot">
<test id="s1-t1" name="Verify Filter option is working" line="8">
<kw name="open my browser" library="LoginPage">
<kw name="Open Browser" library="SeleniumLibrary">
<arg>${SiteUrl}</arg>
<arg>${Browser}</arg>
<doc>Opens a new browser instance to the optional ``url``.</doc>
<msg timestamp="20220912 19:12:57.204" level="INFO">Opening browser 'chrome' to base url 'https://sandbox.jnjesm.com/'.</msg>
<status status="PASS" starttime="20220912 19:12:57.204" endtime="20220912 19:13:10.687"/>
</kw>
<kw name="Maximize Browser Window" library="SeleniumLibrary">
<doc>Maximizes current browser window.</doc>
<status status="PASS" starttime="20220912 19:13:10.687" endtime="20220912 19:13:10.978"/>
</kw>
<status status="PASS" starttime="20220912 19:12:57.204" endtime="20220912 19:13:10.979"/>
</kw>
<kw name="click signIn" library="LoginPage">
<kw name="Set Selenium Implicit Wait" library="SeleniumLibrary">
<arg>300</arg>
<doc>Sets the implicit wait value used by Selenium.</doc>
<status status="PASS" starttime="20220912 19:13:10.980" endtime="20220912 19:13:10.981"/>
</kw>
<kw name="Click Element" library="SeleniumLibrary">
<arg>${Authentication_Method}</arg>
<doc>Click the element identified by ``locator``.</doc>
<msg timestamp="20220912 19:13:10.982" level="INFO">Clicking element '//select[@name='scheme']'.</msg>
<status status="PASS" starttime="20220912 19:13:10.982" endtime="20220912 19:13:16.554"/>
</kw>
<kw name="Click Element" library="SeleniumLibrary">
<arg>${Select_Authentication_Method}</arg>
<doc>Click the element identified by ``locator``.</doc>
<msg timestamp="20220912 19:13:16.555" level="INFO">Clicking element '//option[contains(text(),'Non-J&amp;J')]'.</msg>
<status status="PASS" starttime="20220912 19:13:16.555" endtime="20220912 19:13:16.627"/>
</kw>
<kw name="Input Text" library="SeleniumLibrary">
<arg>${SET_EMAIL}</arg>
<arg>${user}</arg>
<doc>Types the given ``text`` into the text field identified by ``locator``.</doc>
<msg timestamp="20220912 19:13:16.630" level="INFO">Typing text 'ramin@rchsolutions.com' into text field '//input[@name='username']'.</msg>
<status status="PASS" starttime="20220912 19:13:16.629" endtime="20220912 19:13:16.906"/>
</kw>
<kw name="Page Should Contain Textfield" library="SeleniumLibrary">
<arg>${user}</arg>
<doc>Verifies text field ``locator`` is found from current page.</doc>
<msg timestamp="20220912 19:13:16.938" level="INFO">Current page contains text field 'ramin@rchsolutions.com'.</msg>
<status status="PASS" starttime="20220912 19:13:16.906" endtime="20220912 19:13:16.938"/>
</kw>
<kw name="Input Password" library="SeleniumLibrary">
<arg>${SET_PASS}</arg>
<arg>${password}</arg>
<doc>Types the given password into the text field identified by ``locator``.</doc>
<msg timestamp="20220912 19:13:16.939" level="INFO">Typing password into text field '//input[@name='password']'.</msg>
<msg timestamp="20220912 19:13:16.995" level="INFO">Temporally setting log level to: NONE</msg>
<msg timestamp="20220912 19:13:17.156" level="INFO">Log level changed from NONE to INFO.</msg>
<status status="PASS" starttime="20220912 19:13:16.939" endtime="20220912 19:13:17.156"/>
</kw>
<kw name="Page Should Contain Textfield" library="SeleniumLibrary">
<arg>${password}</arg>
<doc>Verifies text field ``locator`` is found from current page.</doc>
<msg timestamp="20220912 19:13:17.176" level="INFO">Current page contains text field 'Swamibapa2022@'.</msg>
<status status="PASS" starttime="20220912 19:13:17.156" endtime="20220912 19:13:17.176"/>
</kw>
<kw name="Page Should Contain Button" library="SeleniumLibrary">
<arg>${CLICK_SIGNIN_BTN}</arg>
<doc>Verifies button ``locator`` is found from current page.</doc>
<msg timestamp="20220912 19:13:17.217" level="INFO">Current page contains button '//button[@value='login']'.</msg>
<status status="PASS" starttime="20220912 19:13:17.176" endtime="20220912 19:13:17.217"/>
</kw>
<kw name="Page Should Contain Element" library="SeleniumLibrary">
<arg>${FORGOT_PASS_HYPERLINK}</arg>
<doc>Verifies that element ``locator`` is found on the current page.</doc>
<msg timestamp="20220912 19:13:17.230" level="INFO">Current page contains element '//a[contains(text(),'Forgot password?')]'.</msg>
<status status="PASS" starttime="20220912 19:13:17.218" endtime="20220912 19:13:17.230"/>
</kw>
<kw name="Click Element" library="SeleniumLibrary">
<arg>${CLICK_SIGNIN_BTN}</arg>
<doc>Click the element identified by ``locator``.</doc>
<msg timestamp="20220912 19:13:17.230" level="INFO">Clicking element '//button[@value='login']'.</msg>
<status status="PASS" starttime="20220912 19:13:17.230" endtime="20220912 19:13:20.331"/>
</kw>
<kw name="Sleep" library="BuiltIn">
<arg>5</arg>
<doc>Pauses the test executed for the given time.</doc>
<msg timestamp="20220912 19:13:25.341" level="INFO">Slept 5 seconds</msg>
<status status="PASS" starttime="20220912 19:13:20.332" endtime="20220912 19:13:25.341"/>
</kw>
<status status="PASS" starttime="20220912 19:13:10.979" endtime="20220912 19:13:25.341"/>
</kw>
<kw name=" Verify that after Select Advanced Search New Search page will open" library="SlideSharePage_003">
<kw name="Set Selenium Implicit Wait" library="SeleniumLibrary">
<arg>300</arg>
<doc>Sets the implicit wait value used by Selenium.</doc>
<status status="PASS" starttime="20220912 19:13:25.342" endtime="20220912 19:13:25.345"/>
</kw>
<kw name="Click Button" library="SeleniumLibrary">
<arg>${Close_Button}</arg>
<doc>Clicks the button identified by ``locator``.</doc>
<msg timestamp="20220912 19:13:25.346" level="INFO">Clicking button '(//button[contains(text(),'Close')])[1]'.</msg>
<status status="PASS" starttime="20220912 19:13:25.345" endtime="20220912 19:13:25.445"/>
</kw>
<kw name="Element Should Be Visible" library="SeleniumLibrary">
<arg>${Search_Field}</arg>
<doc>Verifies that the element identified by ``locator`` is visible.</doc>
<msg timestamp="20220912 19:13:25.481" level="INFO">Element '//input[@placeholder='Find Slides']' is displayed.</msg>
<status status="PASS" starttime="20220912 19:13:25.445" endtime="20220912 19:13:25.482"/>
</kw>
<kw name="Click Element" library="SeleniumLibrary">
<arg>${Select_Slides}</arg>
<doc>Click the element identified by ``locator``.</doc>
<msg timestamp="20220912 19:13:25.482" level="INFO">Clicking element '//div[contains(text(),'Slides')]'.</msg>
<status status="PASS" starttime="20220912 19:13:25.482" endtime="20220912 19:13:25.545"/>
</kw>
<kw name="Click Element" library="SeleniumLibrary">
<arg>${Select_Advanced_Search}</arg>
<doc>Click the element identified by ``locator``.</doc>
<msg timestamp="20220912 19:13:25.546" level="INFO">Clicking element '//a[@href='/s/search']'.</msg>
<status status="PASS" starttime="20220912 19:13:25.545" endtime="20220912 19:13:28.726"/>
</kw>
<kw name="Sleep" library="BuiltIn">
<arg>20</arg>
<doc>Pauses the test executed for the given time.</doc>
<msg timestamp="20220912 19:13:48.729" level="INFO">Slept 20 seconds</msg>
<status status="PASS" starttime="20220912 19:13:28.726" endtime="20220912 19:13:48.729"/>
</kw>
<status status="PASS" starttime="20220912 19:13:25.342" endtime="20220912 19:13:48.729"/>
</kw>
<kw name="Close Browser" library="SeleniumLibrary">
<doc>Closes the current browser.</doc>
<status status="PASS" starttime="20220912 19:13:48.729" endtime="20220912 19:13:50.923"/>
</kw>
<status status="PASS" starttime="20220912 19:12:57.204" endtime="20220912 19:13:50.923"/>
</test>
<status status="PASS" starttime="20220912 19:12:56.834" endtime="20220912 19:13:50.923"/>
</suite>
<statistics>
<total>
<stat pass="1" fail="0" skip="0">All Tests</stat>
</total>
<tag>
</tag>
<suite>
<stat pass="1" fail="0" skip="0" id="s1" name="SlideSearchTest TC 003">SlideSearchTest TC 003</stat>
</suite>
</statistics>
<errors>
</errors>
</robot>
