<?xml version="1.0" encoding="UTF-8"?>
<robot generator="Robot 5.0.1 (Python 3.8.10 on win32)" generated="20220830 23:03:09.510" rpa="false" schemaversion="3">
<suite id="s1" name="SlideSearchTest TC 010" source="D:\Freelancing\pharma\Tests\SlideSearch\SlideSearchTest_TC_010.robot">
<test id="s1-t1" name="Verify that Studies search results showing on the display" line="9">
<kw name="open my browser" library="LoginPage">
<kw name="Open Browser" library="SeleniumLibrary">
<arg>${SiteUrl}</arg>
<arg>${Browser}</arg>
<doc>Opens a new browser instance to the optional ``url``.</doc>
<msg timestamp="20220830 23:03:09.863" level="INFO">Opening browser 'chrome' to base url 'https://sandbox.jnjesm.com/'.</msg>
<status status="PASS" starttime="20220830 23:03:09.863" endtime="20220830 23:04:45.487"/>
</kw>
<kw name="Maximize Browser Window" library="SeleniumLibrary">
<doc>Maximizes current browser window.</doc>
<status status="PASS" starttime="20220830 23:04:45.487" endtime="20220830 23:04:45.620"/>
</kw>
<status status="PASS" starttime="20220830 23:03:09.862" endtime="20220830 23:04:45.621"/>
</kw>
<kw name="click signIn" library="LoginPage">
<kw name="Set Selenium Implicit Wait" library="SeleniumLibrary">
<arg>300</arg>
<doc>Sets the implicit wait value used by Selenium.</doc>
<status status="PASS" starttime="20220830 23:04:45.622" endtime="20220830 23:04:45.625"/>
</kw>
<kw name="Click Element" library="SeleniumLibrary">
<arg>${Authentication_Method}</arg>
<doc>Click the element identified by ``locator``.</doc>
<msg timestamp="20220830 23:04:45.626" level="INFO">Clicking element '//select[@name='scheme']'.</msg>
<status status="PASS" starttime="20220830 23:04:45.625" endtime="20220830 23:05:19.998"/>
</kw>
<kw name="Click Element" library="SeleniumLibrary">
<arg>${Select_Authentication_Method}</arg>
<doc>Click the element identified by ``locator``.</doc>
<msg timestamp="20220830 23:05:19.999" level="INFO">Clicking element '//option[contains(text(),'Non-J&amp;J')]'.</msg>
<status status="PASS" starttime="20220830 23:05:19.998" endtime="20220830 23:05:20.071"/>
</kw>
<kw name="Input Text" library="SeleniumLibrary">
<arg>${SET_EMAIL}</arg>
<arg>${user}</arg>
<doc>Types the given ``text`` into the text field identified by ``locator``.</doc>
<msg timestamp="20220830 23:05:20.074" level="INFO">Typing text 'ramin@rchsolutions.com' into text field '//input[@name='username']'.</msg>
<status status="PASS" starttime="20220830 23:05:20.071" endtime="20220830 23:05:20.305"/>
</kw>
<kw name="Page Should Contain Textfield" library="SeleniumLibrary">
<arg>${user}</arg>
<doc>Verifies text field ``locator`` is found from current page.</doc>
<msg timestamp="20220830 23:05:20.326" level="INFO">Current page contains text field 'ramin@rchsolutions.com'.</msg>
<status status="PASS" starttime="20220830 23:05:20.305" endtime="20220830 23:05:20.326"/>
</kw>
<kw name="Input Password" library="SeleniumLibrary">
<arg>${SET_PASS}</arg>
<arg>${password}</arg>
<doc>Types the given password into the text field identified by ``locator``.</doc>
<msg timestamp="20220830 23:05:20.327" level="INFO">Typing password into text field '//input[@name='password']'.</msg>
<msg timestamp="20220830 23:05:20.377" level="INFO">Temporally setting log level to: NONE</msg>
<msg timestamp="20220830 23:05:20.494" level="INFO">Log level changed from NONE to INFO.</msg>
<status status="PASS" starttime="20220830 23:05:20.326" endtime="20220830 23:05:20.494"/>
</kw>
<kw name="Page Should Contain Textfield" library="SeleniumLibrary">
<arg>${password}</arg>
<doc>Verifies text field ``locator`` is found from current page.</doc>
<msg timestamp="20220830 23:05:20.511" level="INFO">Current page contains text field 'Swamibapa2022@'.</msg>
<status status="PASS" starttime="20220830 23:05:20.494" endtime="20220830 23:05:20.511"/>
</kw>
<kw name="Page Should Contain Button" library="SeleniumLibrary">
<arg>${CLICK_SIGNIN_BTN}</arg>
<doc>Verifies button ``locator`` is found from current page.</doc>
<msg timestamp="20220830 23:05:20.545" level="INFO">Current page contains button '//button[@value='login']'.</msg>
<status status="PASS" starttime="20220830 23:05:20.511" endtime="20220830 23:05:20.546"/>
</kw>
<kw name="Page Should Contain Element" library="SeleniumLibrary">
<arg>${FORGOT_PASS_HYPERLINK}</arg>
<doc>Verifies that element ``locator`` is found on the current page.</doc>
<msg timestamp="20220830 23:05:20.559" level="INFO">Current page contains element '//a[contains(text(),'Forgot password?')]'.</msg>
<status status="PASS" starttime="20220830 23:05:20.546" endtime="20220830 23:05:20.559"/>
</kw>
<kw name="Click Element" library="SeleniumLibrary">
<arg>${CLICK_SIGNIN_BTN}</arg>
<doc>Click the element identified by ``locator``.</doc>
<msg timestamp="20220830 23:05:20.559" level="INFO">Clicking element '//button[@value='login']'.</msg>
<status status="PASS" starttime="20220830 23:05:20.559" endtime="20220830 23:05:24.281"/>
</kw>
<kw name="Sleep" library="BuiltIn">
<arg>5</arg>
<doc>Pauses the test executed for the given time.</doc>
<msg timestamp="20220830 23:05:29.283" level="INFO">Slept 5 seconds</msg>
<status status="PASS" starttime="20220830 23:05:24.282" endtime="20220830 23:05:29.283"/>
</kw>
<status status="PASS" starttime="20220830 23:04:45.622" endtime="20220830 23:05:29.283"/>
</kw>
<kw name="Verify that Studies search results showing on the display" library="SlideSearchPage_009">
<kw name="Set Selenium Implicit Wait" library="SeleniumLibrary">
<arg>300</arg>
<doc>Sets the implicit wait value used by Selenium.</doc>
<status status="PASS" starttime="20220830 23:05:29.284" endtime="20220830 23:05:29.286"/>
</kw>
<kw name="Click Button" library="SeleniumLibrary">
<arg>${Close_Button}</arg>
<doc>Clicks the button identified by ``locator``.</doc>
<msg timestamp="20220830 23:05:29.287" level="INFO">Clicking button '(//button[contains(text(),'Close')])[1]'.</msg>
<status status="PASS" starttime="20220830 23:05:29.286" endtime="20220830 23:05:29.381"/>
</kw>
<kw name="Element Should Be Visible" library="SeleniumLibrary">
<arg>${Search_Field}</arg>
<doc>Verifies that the element identified by ``locator`` is visible.</doc>
<msg timestamp="20220830 23:05:29.424" level="INFO">Element '//input[@placeholder='Find Slides']' is displayed.</msg>
<status status="PASS" starttime="20220830 23:05:29.382" endtime="20220830 23:05:29.424"/>
</kw>
<kw name="Click Element" library="SeleniumLibrary">
<arg>${Select_Slides}</arg>
<doc>Click the element identified by ``locator``.</doc>
<msg timestamp="20220830 23:05:29.425" level="INFO">Clicking element '//div[contains(text(),'Slides')]'.</msg>
<status status="PASS" starttime="20220830 23:05:29.424" endtime="20220830 23:05:29.491"/>
</kw>
<kw name="Click Element" library="SeleniumLibrary">
<arg>${Select_Advanced_Search}</arg>
<doc>Click the element identified by ``locator``.</doc>
<msg timestamp="20220830 23:05:29.492" level="INFO">Clicking element '//a[@href='/s/search']'.</msg>
<status status="PASS" starttime="20220830 23:05:29.492" endtime="20220830 23:05:32.422"/>
</kw>
<kw name="Click Element" library="SeleniumLibrary">
<arg>${Dismiss_Button}</arg>
<doc>Click the element identified by ``locator``.</doc>
<msg timestamp="20220830 23:05:32.423" level="INFO">Clicking element '//i[@title='Dimiss message']'.</msg>
<status status="PASS" starttime="20220830 23:05:32.423" endtime="20220830 23:05:34.966"/>
</kw>
<kw name="Element Should Be Visible" library="SeleniumLibrary">
<arg>${Search_For_The_Slides}</arg>
<doc>Verifies that the element identified by ``locator`` is visible.</doc>
<msg timestamp="20220830 23:05:36.107" level="INFO">Element '//span[contains(text(),'Search for')]' is displayed.</msg>
<status status="PASS" starttime="20220830 23:05:34.966" endtime="20220830 23:05:36.107"/>
</kw>
<kw name="Page Should Contain Element" library="SeleniumLibrary">
<arg>${Slides_Radio_Button}</arg>
<doc>Verifies that element ``locator`` is found on the current page.</doc>
<msg timestamp="20220830 23:05:36.126" level="INFO">Current page contains element '//input[@value='SLIDES']'.</msg>
<status status="PASS" starttime="20220830 23:05:36.108" endtime="20220830 23:05:36.126"/>
</kw>
<kw name="Input Text" library="SeleniumLibrary">
<arg>${Left_Side_Search_Box}</arg>
<arg>This is search</arg>
<doc>Types the given ``text`` into the text field identified by ``locator``.</doc>
<msg timestamp="20220830 23:05:36.128" level="INFO">Typing text 'This is search' into text field '//input[@placeholder='Search']'.</msg>
<status status="PASS" starttime="20220830 23:05:36.127" endtime="20220830 23:05:36.351"/>
</kw>
<kw name="Click Element" library="SeleniumLibrary">
<arg>${Left_Side_Search_Box}</arg>
<doc>Click the element identified by ``locator``.</doc>
<msg timestamp="20220830 23:05:36.352" level="INFO">Clicking element '//input[@placeholder='Search']'.</msg>
<status status="PASS" starttime="20220830 23:05:36.351" endtime="20220830 23:05:36.397"/>
</kw>
<kw name="Sleep" library="BuiltIn">
<arg>3</arg>
<doc>Pauses the test executed for the given time.</doc>
<msg timestamp="20220830 23:05:39.410" level="INFO">Slept 3 seconds</msg>
<status status="PASS" starttime="20220830 23:05:36.397" endtime="20220830 23:05:39.410"/>
</kw>
<status status="PASS" starttime="20220830 23:05:29.284" endtime="20220830 23:05:39.410"/>
</kw>
<kw name="Verify that Save or load a search option is working properly" library="SlideSearchPage_010">
<kw name="Set Selenium Implicit Wait" library="SeleniumLibrary">
<arg>300</arg>
<doc>Sets the implicit wait value used by Selenium.</doc>
<status status="PASS" starttime="20220830 23:05:39.411" endtime="20220830 23:05:39.413"/>
</kw>
<kw name="Click Element" library="SeleniumLibrary">
<arg>${Save_Or_Load_Search}</arg>
<doc>Click the element identified by ``locator``.</doc>
<msg timestamp="20220830 23:05:39.414" level="INFO">Clicking element '//span[contains(text(),'Save or load a search')]'.</msg>
<status status="PASS" starttime="20220830 23:05:39.413" endtime="20220830 23:05:39.510"/>
</kw>
<kw name="Click Button" library="SeleniumLibrary">
<arg>${Save_Current_Search}</arg>
<doc>Clicks the button identified by ``locator``.</doc>
<msg timestamp="20220830 23:05:39.511" level="INFO">Clicking button '//button[contains(text(),'Save current search')]'.</msg>
<status status="PASS" starttime="20220830 23:05:39.511" endtime="20220830 23:05:39.613"/>
</kw>
<kw name="Input Text" library="SeleniumLibrary">
<arg>${Search_Name_Field}</arg>
<arg>This is Search</arg>
<doc>Types the given ``text`` into the text field identified by ``locator``.</doc>
<msg timestamp="20220830 23:05:39.614" level="INFO">Typing text 'This is Search' into text field '//input[@placeholder='Name your search']'.</msg>
<status status="PASS" starttime="20220830 23:05:39.614" endtime="20220830 23:05:39.763"/>
</kw>
<kw name="Click Button" library="SeleniumLibrary">
<arg>${Save_Button}</arg>
<doc>Clicks the button identified by ``locator``.</doc>
<msg timestamp="20220830 23:05:39.764" level="INFO">Clicking button '//button[contains(text(),'Save')]'.</msg>
<status status="PASS" starttime="20220830 23:05:39.763" endtime="20220830 23:05:39.868"/>
</kw>
<kw name="Sleep" library="BuiltIn">
<arg>20</arg>
<doc>Pauses the test executed for the given time.</doc>
<msg timestamp="20220830 23:05:59.880" level="INFO">Slept 20 seconds</msg>
<status status="PASS" starttime="20220830 23:05:39.869" endtime="20220830 23:05:59.881"/>
</kw>
<status status="PASS" starttime="20220830 23:05:39.411" endtime="20220830 23:05:59.882"/>
</kw>
<kw name="Close Browser" library="SeleniumLibrary">
<doc>Closes the current browser.</doc>
<status status="PASS" starttime="20220830 23:05:59.886" endtime="20220830 23:06:02.204"/>
</kw>
<status status="PASS" starttime="20220830 23:03:09.861" endtime="20220830 23:06:02.207"/>
</test>
<status status="PASS" starttime="20220830 23:03:09.513" endtime="20220830 23:06:02.215"/>
</suite>
<statistics>
<total>
<stat pass="1" fail="0" skip="0">All Tests</stat>
</total>
<tag>
</tag>
<suite>
<stat pass="1" fail="0" skip="0" id="s1" name="SlideSearchTest TC 010">SlideSearchTest TC 010</stat>
</suite>
</statistics>
<errors>
</errors>
</robot>
